(0.000) 
            SELECT
                c.relname,
                CASE
                    WHEN c.relispartition THEN 'p'
                    WHEN c.relkind IN ('m', 'v') THEN 'v'
                    ELSE 't'
                END,
                obj_description(c.oid, 'pg_class')
            FROM pg_catalog.pg_class c
            LEFT JOIN pg_catalog.pg_namespace n ON n.oid = c.relnamespace
            WHERE c.relkind IN ('f', 'm', 'p', 'r', 'v')
                AND n.nspname NOT IN ('pg_catalog', 'pg_toast')
                AND pg_catalog.pg_table_is_visible(c.oid)
        ; args=None; alias=default
(0.000) 
            SELECT
                c.relname,
                CASE
                    WHEN c.relispartition THEN 'p'
                    WHEN c.relkind IN ('m', 'v') THEN 'v'
                    ELSE 't'
                END,
                obj_description(c.oid, 'pg_class')
            FROM pg_catalog.pg_class c
            LEFT JOIN pg_catalog.pg_namespace n ON n.oid = c.relnamespace
            WHERE c.relkind IN ('f', 'm', 'p', 'r', 'v')
                AND n.nspname NOT IN ('pg_catalog', 'pg_toast')
                AND pg_catalog.pg_table_is_visible(c.oid)
        ; args=None; alias=default
(0.000) 
            SELECT
                c.relname,
                CASE
                    WHEN c.relispartition THEN 'p'
                    WHEN c.relkind IN ('m', 'v') THEN 'v'
                    ELSE 't'
                END,
                obj_description(c.oid, 'pg_class')
            FROM pg_catalog.pg_class c
            LEFT JOIN pg_catalog.pg_namespace n ON n.oid = c.relnamespace
            WHERE c.relkind IN ('f', 'm', 'p', 'r', 'v')
                AND n.nspname NOT IN ('pg_catalog', 'pg_toast')
                AND pg_catalog.pg_table_is_visible(c.oid)
        ; args=None; alias=default
(0.000) 
            SELECT
                c.relname,
                CASE
                    WHEN c.relispartition THEN 'p'
                    WHEN c.relkind IN ('m', 'v') THEN 'v'
                    ELSE 't'
                END,
                obj_description(c.oid, 'pg_class')
            FROM pg_catalog.pg_class c
            LEFT JOIN pg_catalog.pg_namespace n ON n.oid = c.relnamespace
            WHERE c.relkind IN ('f', 'm', 'p', 'r', 'v')
                AND n.nspname NOT IN ('pg_catalog', 'pg_toast')
                AND pg_catalog.pg_table_is_visible(c.oid)
        ; args=None; alias=default
(0.000) BEGIN; args=None; alias=default
CREATE TABLE "django_migrations" ("id" bigint NOT NULL PRIMARY KEY GENERATED BY DEFAULT AS IDENTITY, "app" varchar(255) NOT NULL, "name" varchar(255) NOT NULL, "applied" timestamp with time zone NOT NULL); (params None)
(0.031) CREATE TABLE "django_migrations" ("id" bigint NOT NULL PRIMARY KEY GENERATED BY DEFAULT AS IDENTITY, "app" varchar(255) NOT NULL, "name" varchar(255) NOT NULL, "applied" timestamp with time zone NOT NULL); args=None; alias=default
(0.000) COMMIT; args=None; alias=default
(0.000) BEGIN; args=None; alias=default
CREATE TABLE "django_content_type" ("id" integer NOT NULL PRIMARY KEY GENERATED BY DEFAULT AS IDENTITY, "name" varchar(100) NOT NULL, "app_label" varchar(100) NOT NULL, "model" varchar(100) NOT NULL); (params None)
(0.016) CREATE TABLE "django_content_type" ("id" integer NOT NULL PRIMARY KEY GENERATED BY DEFAULT AS IDENTITY, "name" varchar(100) NOT NULL, "app_label" varchar(100) NOT NULL, "model" varchar(100) NOT NULL); args=None; alias=default
ALTER TABLE "django_content_type" ADD CONSTRAINT "django_content_type_app_label_model_76bd3d3b_uniq" UNIQUE ("app_label", "model"); (params None)
(0.000) ALTER TABLE "django_content_type" ADD CONSTRAINT "django_content_type_app_label_model_76bd3d3b_uniq" UNIQUE ("app_label", "model"); args=None; alias=default
(0.000) 
            SELECT
                c.relname,
                CASE
                    WHEN c.relispartition THEN 'p'
                    WHEN c.relkind IN ('m', 'v') THEN 'v'
                    ELSE 't'
                END,
                obj_description(c.oid, 'pg_class')
            FROM pg_catalog.pg_class c
            LEFT JOIN pg_catalog.pg_namespace n ON n.oid = c.relnamespace
            WHERE c.relkind IN ('f', 'm', 'p', 'r', 'v')
                AND n.nspname NOT IN ('pg_catalog', 'pg_toast')
                AND pg_catalog.pg_table_is_visible(c.oid)
        ; args=None; alias=default
(0.015) INSERT INTO "django_migrations" ("app", "name", "applied") VALUES ('contenttypes', '0001_initial', '2024-10-21T14:37:00.083286+00:00'::timestamptz) RETURNING "django_migrations"."id"; args=('contenttypes', '0001_initial', datetime.datetime(2024, 10, 21, 14, 37, 0, 83286, tzinfo=datetime.timezone.utc)); alias=default
(0.000) COMMIT; args=None; alias=default
(0.000) BEGIN; args=None; alias=default
CREATE TABLE "auth_permission" ("id" integer NOT NULL PRIMARY KEY GENERATED BY DEFAULT AS IDENTITY, "name" varchar(50) NOT NULL, "content_type_id" integer NOT NULL, "codename" varchar(100) NOT NULL); (params None)
(0.016) CREATE TABLE "auth_permission" ("id" integer NOT NULL PRIMARY KEY GENERATED BY DEFAULT AS IDENTITY, "name" varchar(50) NOT NULL, "content_type_id" integer NOT NULL, "codename" varchar(100) NOT NULL); args=None; alias=default
CREATE TABLE "auth_group" ("id" integer NOT NULL PRIMARY KEY GENERATED BY DEFAULT AS IDENTITY, "name" varchar(80) NOT NULL UNIQUE); (params None)
(0.000) CREATE TABLE "auth_group" ("id" integer NOT NULL PRIMARY KEY GENERATED BY DEFAULT AS IDENTITY, "name" varchar(80) NOT NULL UNIQUE); args=None; alias=default
CREATE TABLE "auth_group_permissions" ("id" bigint NOT NULL PRIMARY KEY GENERATED BY DEFAULT AS IDENTITY, "group_id" integer NOT NULL, "permission_id" integer NOT NULL); (params None)
(0.016) CREATE TABLE "auth_group_permissions" ("id" bigint NOT NULL PRIMARY KEY GENERATED BY DEFAULT AS IDENTITY, "group_id" integer NOT NULL, "permission_id" integer NOT NULL); args=None; alias=default
CREATE TABLE "auth_user" ("id" integer NOT NULL PRIMARY KEY GENERATED BY DEFAULT AS IDENTITY, "password" varchar(128) NOT NULL, "last_login" timestamp with time zone NOT NULL, "is_superuser" boolean NOT NULL, "username" varchar(30) NOT NULL UNIQUE, "first_name" varchar(30) NOT NULL, "last_name" varchar(30) NOT NULL, "email" varchar(75) NOT NULL, "is_staff" boolean NOT NULL, "is_active" boolean NOT NULL, "date_joined" timestamp with time zone NOT NULL); (params None)
(0.015) CREATE TABLE "auth_user" ("id" integer NOT NULL PRIMARY KEY GENERATED BY DEFAULT AS IDENTITY, "password" varchar(128) NOT NULL, "last_login" timestamp with time zone NOT NULL, "is_superuser" boolean NOT NULL, "username" varchar(30) NOT NULL UNIQUE, "first_name" varchar(30) NOT NULL, "last_name" varchar(30) NOT NULL, "email" varchar(75) NOT NULL, "is_staff" boolean NOT NULL, "is_active" boolean NOT NULL, "date_joined" timestamp with time zone NOT NULL); args=None; alias=default
CREATE TABLE "auth_user_groups" ("id" bigint NOT NULL PRIMARY KEY GENERATED BY DEFAULT AS IDENTITY, "user_id" integer NOT NULL, "group_id" integer NOT NULL); (params None)
(0.016) CREATE TABLE "auth_user_groups" ("id" bigint NOT NULL PRIMARY KEY GENERATED BY DEFAULT AS IDENTITY, "user_id" integer NOT NULL, "group_id" integer NOT NULL); args=None; alias=default
CREATE TABLE "auth_user_user_permissions" ("id" bigint NOT NULL PRIMARY KEY GENERATED BY DEFAULT AS IDENTITY, "user_id" integer NOT NULL, "permission_id" integer NOT NULL); (params None)
(0.000) CREATE TABLE "auth_user_user_permissions" ("id" bigint NOT NULL PRIMARY KEY GENERATED BY DEFAULT AS IDENTITY, "user_id" integer NOT NULL, "permission_id" integer NOT NULL); args=None; alias=default
ALTER TABLE "auth_permission" ADD CONSTRAINT "auth_permission_content_type_id_codename_01ab375a_uniq" UNIQUE ("content_type_id", "codename"); (params None)
(0.000) ALTER TABLE "auth_permission" ADD CONSTRAINT "auth_permission_content_type_id_codename_01ab375a_uniq" UNIQUE ("content_type_id", "codename"); args=None; alias=default
ALTER TABLE "auth_permission" ADD CONSTRAINT "auth_permission_content_type_id_2f476e4b_fk_django_co" FOREIGN KEY ("content_type_id") REFERENCES "django_content_type" ("id") DEFERRABLE INITIALLY DEFERRED; (params None)
(0.016) ALTER TABLE "auth_permission" ADD CONSTRAINT "auth_permission_content_type_id_2f476e4b_fk_django_co" FOREIGN KEY ("content_type_id") REFERENCES "django_content_type" ("id") DEFERRABLE INITIALLY DEFERRED; args=None; alias=default
CREATE INDEX "auth_permission_content_type_id_2f476e4b" ON "auth_permission" ("content_type_id"); (params None)
(0.000) CREATE INDEX "auth_permission_content_type_id_2f476e4b" ON "auth_permission" ("content_type_id"); args=None; alias=default
CREATE INDEX "auth_group_name_a6ea08ec_like" ON "auth_group" ("name" varchar_pattern_ops); (params None)
(0.000) CREATE INDEX "auth_group_name_a6ea08ec_like" ON "auth_group" ("name" varchar_pattern_ops); args=None; alias=default
ALTER TABLE "auth_group_permissions" ADD CONSTRAINT "auth_group_permissions_group_id_permission_id_0cd325b0_uniq" UNIQUE ("group_id", "permission_id"); (params None)
(0.015) ALTER TABLE "auth_group_permissions" ADD CONSTRAINT "auth_group_permissions_group_id_permission_id_0cd325b0_uniq" UNIQUE ("group_id", "permission_id"); args=None; alias=default
ALTER TABLE "auth_group_permissions" ADD CONSTRAINT "auth_group_permissions_group_id_b120cbf9_fk_auth_group_id" FOREIGN KEY ("group_id") REFERENCES "auth_group" ("id") DEFERRABLE INITIALLY DEFERRED; (params None)
(0.000) ALTER TABLE "auth_group_permissions" ADD CONSTRAINT "auth_group_permissions_group_id_b120cbf9_fk_auth_group_id" FOREIGN KEY ("group_id") REFERENCES "auth_group" ("id") DEFERRABLE INITIALLY DEFERRED; args=None; alias=default
ALTER TABLE "auth_group_permissions" ADD CONSTRAINT "auth_group_permissio_permission_id_84c5c92e_fk_auth_perm" FOREIGN KEY ("permission_id") REFERENCES "auth_permission" ("id") DEFERRABLE INITIALLY DEFERRED; (params None)
(0.000) ALTER TABLE "auth_group_permissions" ADD CONSTRAINT "auth_group_permissio_permission_id_84c5c92e_fk_auth_perm" FOREIGN KEY ("permission_id") REFERENCES "auth_permission" ("id") DEFERRABLE INITIALLY DEFERRED; args=None; alias=default
CREATE INDEX "auth_group_permissions_group_id_b120cbf9" ON "auth_group_permissions" ("group_id"); (params None)
(0.000) CREATE INDEX "auth_group_permissions_group_id_b120cbf9" ON "auth_group_permissions" ("group_id"); args=None; alias=default
CREATE INDEX "auth_group_permissions_permission_id_84c5c92e" ON "auth_group_permissions" ("permission_id"); (params None)
(0.000) CREATE INDEX "auth_group_permissions_permission_id_84c5c92e" ON "auth_group_permissions" ("permission_id"); args=None; alias=default
CREATE INDEX "auth_user_username_6821ab7c_like" ON "auth_user" ("username" varchar_pattern_ops); (params None)
(0.016) CREATE INDEX "auth_user_username_6821ab7c_like" ON "auth_user" ("username" varchar_pattern_ops); args=None; alias=default
ALTER TABLE "auth_user_groups" ADD CONSTRAINT "auth_user_groups_user_id_group_id_94350c0c_uniq" UNIQUE ("user_id", "group_id"); (params None)
(0.000) ALTER TABLE "auth_user_groups" ADD CONSTRAINT "auth_user_groups_user_id_group_id_94350c0c_uniq" UNIQUE ("user_id", "group_id"); args=None; alias=default
ALTER TABLE "auth_user_groups" ADD CONSTRAINT "auth_user_groups_user_id_6a12ed8b_fk_auth_user_id" FOREIGN KEY ("user_id") REFERENCES "auth_user" ("id") DEFERRABLE INITIALLY DEFERRED; (params None)
(0.000) ALTER TABLE "auth_user_groups" ADD CONSTRAINT "auth_user_groups_user_id_6a12ed8b_fk_auth_user_id" FOREIGN KEY ("user_id") REFERENCES "auth_user" ("id") DEFERRABLE INITIALLY DEFERRED; args=None; alias=default
ALTER TABLE "auth_user_groups" ADD CONSTRAINT "auth_user_groups_group_id_97559544_fk_auth_group_id" FOREIGN KEY ("group_id") REFERENCES "auth_group" ("id") DEFERRABLE INITIALLY DEFERRED; (params None)
(0.000) ALTER TABLE "auth_user_groups" ADD CONSTRAINT "auth_user_groups_group_id_97559544_fk_auth_group_id" FOREIGN KEY ("group_id") REFERENCES "auth_group" ("id") DEFERRABLE INITIALLY DEFERRED; args=None; alias=default
CREATE INDEX "auth_user_groups_user_id_6a12ed8b" ON "auth_user_groups" ("user_id"); (params None)
(0.000) CREATE INDEX "auth_user_groups_user_id_6a12ed8b" ON "auth_user_groups" ("user_id"); args=None; alias=default
CREATE INDEX "auth_user_groups_group_id_97559544" ON "auth_user_groups" ("group_id"); (params None)
(0.015) CREATE INDEX "auth_user_groups_group_id_97559544" ON "auth_user_groups" ("group_id"); args=None; alias=default
ALTER TABLE "auth_user_user_permissions" ADD CONSTRAINT "auth_user_user_permissions_user_id_permission_id_14a6b632_uniq" UNIQUE ("user_id", "permission_id"); (params None)
(0.000) ALTER TABLE "auth_user_user_permissions" ADD CONSTRAINT "auth_user_user_permissions_user_id_permission_id_14a6b632_uniq" UNIQUE ("user_id", "permission_id"); args=None; alias=default
ALTER TABLE "auth_user_user_permissions" ADD CONSTRAINT "auth_user_user_permissions_user_id_a95ead1b_fk_auth_user_id" FOREIGN KEY ("user_id") REFERENCES "auth_user" ("id") DEFERRABLE INITIALLY DEFERRED; (params None)
(0.000) ALTER TABLE "auth_user_user_permissions" ADD CONSTRAINT "auth_user_user_permissions_user_id_a95ead1b_fk_auth_user_id" FOREIGN KEY ("user_id") REFERENCES "auth_user" ("id") DEFERRABLE INITIALLY DEFERRED; args=None; alias=default
ALTER TABLE "auth_user_user_permissions" ADD CONSTRAINT "auth_user_user_permi_permission_id_1fbb5f2c_fk_auth_perm" FOREIGN KEY ("permission_id") REFERENCES "auth_permission" ("id") DEFERRABLE INITIALLY DEFERRED; (params None)
(0.000) ALTER TABLE "auth_user_user_permissions" ADD CONSTRAINT "auth_user_user_permi_permission_id_1fbb5f2c_fk_auth_perm" FOREIGN KEY ("permission_id") REFERENCES "auth_permission" ("id") DEFERRABLE INITIALLY DEFERRED; args=None; alias=default
CREATE INDEX "auth_user_user_permissions_user_id_a95ead1b" ON "auth_user_user_permissions" ("user_id"); (params None)
(0.000) CREATE INDEX "auth_user_user_permissions_user_id_a95ead1b" ON "auth_user_user_permissions" ("user_id"); args=None; alias=default
CREATE INDEX "auth_user_user_permissions_permission_id_1fbb5f2c" ON "auth_user_user_permissions" ("permission_id"); (params None)
(0.016) CREATE INDEX "auth_user_user_permissions_permission_id_1fbb5f2c" ON "auth_user_user_permissions" ("permission_id"); args=None; alias=default
(0.000) COMMIT; args=None; alias=default
(0.000) INSERT INTO "django_migrations" ("app", "name", "applied") VALUES ('auth', '0001_initial', '2024-10-21T14:37:00.230714+00:00'::timestamptz) RETURNING "django_migrations"."id"; args=('auth', '0001_initial', datetime.datetime(2024, 10, 21, 14, 37, 0, 230714, tzinfo=datetime.timezone.utc)); alias=default
(0.000) BEGIN; args=None; alias=default
CREATE TABLE "django_admin_log" ("id" integer NOT NULL PRIMARY KEY GENERATED BY DEFAULT AS IDENTITY, "action_time" timestamp with time zone NOT NULL, "object_id" text NULL, "object_repr" varchar(200) NOT NULL, "action_flag" smallint NOT NULL CHECK ("action_flag" >= 0), "change_message" text NOT NULL, "content_type_id" integer NULL, "user_id" integer NOT NULL); (params None)
(0.016) CREATE TABLE "django_admin_log" ("id" integer NOT NULL PRIMARY KEY GENERATED BY DEFAULT AS IDENTITY, "action_time" timestamp with time zone NOT NULL, "object_id" text NULL, "object_repr" varchar(200) NOT NULL, "action_flag" smallint NOT NULL CHECK ("action_flag" >= 0), "change_message" text NOT NULL, "content_type_id" integer NULL, "user_id" integer NOT NULL); args=None; alias=default
ALTER TABLE "django_admin_log" ADD CONSTRAINT "django_admin_log_content_type_id_c4bce8eb_fk_django_co" FOREIGN KEY ("content_type_id") REFERENCES "django_content_type" ("id") DEFERRABLE INITIALLY DEFERRED; (params None)
(0.000) ALTER TABLE "django_admin_log" ADD CONSTRAINT "django_admin_log_content_type_id_c4bce8eb_fk_django_co" FOREIGN KEY ("content_type_id") REFERENCES "django_content_type" ("id") DEFERRABLE INITIALLY DEFERRED; args=None; alias=default
ALTER TABLE "django_admin_log" ADD CONSTRAINT "django_admin_log_user_id_c564eba6_fk_auth_user_id" FOREIGN KEY ("user_id") REFERENCES "auth_user" ("id") DEFERRABLE INITIALLY DEFERRED; (params None)
(0.000) ALTER TABLE "django_admin_log" ADD CONSTRAINT "django_admin_log_user_id_c564eba6_fk_auth_user_id" FOREIGN KEY ("user_id") REFERENCES "auth_user" ("id") DEFERRABLE INITIALLY DEFERRED; args=None; alias=default
CREATE INDEX "django_admin_log_content_type_id_c4bce8eb" ON "django_admin_log" ("content_type_id"); (params None)
(0.015) CREATE INDEX "django_admin_log_content_type_id_c4bce8eb" ON "django_admin_log" ("content_type_id"); args=None; alias=default
CREATE INDEX "django_admin_log_user_id_c564eba6" ON "django_admin_log" ("user_id"); (params None)
(0.000) CREATE INDEX "django_admin_log_user_id_c564eba6" ON "django_admin_log" ("user_id"); args=None; alias=default
(0.000) COMMIT; args=None; alias=default
(0.000) INSERT INTO "django_migrations" ("app", "name", "applied") VALUES ('admin', '0001_initial', '2024-10-21T14:37:00.266191+00:00'::timestamptz) RETURNING "django_migrations"."id"; args=('admin', '0001_initial', datetime.datetime(2024, 10, 21, 14, 37, 0, 266191, tzinfo=datetime.timezone.utc)); alias=default
(0.000) BEGIN; args=None; alias=default
(0.000) INSERT INTO "django_migrations" ("app", "name", "applied") VALUES ('admin', '0002_logentry_remove_auto_add', '2024-10-21T14:37:00.273579+00:00'::timestamptz) RETURNING "django_migrations"."id"; args=('admin', '0002_logentry_remove_auto_add', datetime.datetime(2024, 10, 21, 14, 37, 0, 273579, tzinfo=datetime.timezone.utc)); alias=default
(0.000) COMMIT; args=None; alias=default
(0.000) BEGIN; args=None; alias=default
(0.000) INSERT INTO "django_migrations" ("app", "name", "applied") VALUES ('admin', '0003_logentry_add_action_flag_choices', '2024-10-21T14:37:00.283660+00:00'::timestamptz) RETURNING "django_migrations"."id"; args=('admin', '0003_logentry_add_action_flag_choices', datetime.datetime(2024, 10, 21, 14, 37, 0, 283660, tzinfo=datetime.timezone.utc)); alias=default
(0.000) COMMIT; args=None; alias=default
(0.000) BEGIN; args=None; alias=default
ALTER TABLE "django_content_type" ALTER COLUMN "name" DROP NOT NULL; (params None)
(0.000) ALTER TABLE "django_content_type" ALTER COLUMN "name" DROP NOT NULL; args=None; alias=default
ALTER TABLE "django_content_type" DROP COLUMN "name" CASCADE; (params None)
(0.000) ALTER TABLE "django_content_type" DROP COLUMN "name" CASCADE; args=None; alias=default
(0.000) INSERT INTO "django_migrations" ("app", "name", "applied") VALUES ('contenttypes', '0002_remove_content_type_name', '2024-10-21T14:37:00.291554+00:00'::timestamptz) RETURNING "django_migrations"."id"; args=('contenttypes', '0002_remove_content_type_name', datetime.datetime(2024, 10, 21, 14, 37, 0, 291554, tzinfo=datetime.timezone.utc)); alias=default
(0.000) COMMIT; args=None; alias=default
(0.000) BEGIN; args=None; alias=default
ALTER TABLE "auth_permission" ALTER COLUMN "name" TYPE varchar(255); (params None)
(0.000) ALTER TABLE "auth_permission" ALTER COLUMN "name" TYPE varchar(255); args=None; alias=default
(0.000) INSERT INTO "django_migrations" ("app", "name", "applied") VALUES ('auth', '0002_alter_permission_name_max_length', '2024-10-21T14:37:00.307512+00:00'::timestamptz) RETURNING "django_migrations"."id"; args=('auth', '0002_alter_permission_name_max_length', datetime.datetime(2024, 10, 21, 14, 37, 0, 307512, tzinfo=datetime.timezone.utc)); alias=default
(0.000) COMMIT; args=None; alias=default
(0.000) BEGIN; args=None; alias=default
ALTER TABLE "auth_user" ALTER COLUMN "email" TYPE varchar(254); (params None)
(0.000) ALTER TABLE "auth_user" ALTER COLUMN "email" TYPE varchar(254); args=None; alias=default
(0.000) INSERT INTO "django_migrations" ("app", "name", "applied") VALUES ('auth', '0003_alter_user_email_max_length', '2024-10-21T14:37:00.307512+00:00'::timestamptz) RETURNING "django_migrations"."id"; args=('auth', '0003_alter_user_email_max_length', datetime.datetime(2024, 10, 21, 14, 37, 0, 307512, tzinfo=datetime.timezone.utc)); alias=default
(0.000) COMMIT; args=None; alias=default
(0.000) BEGIN; args=None; alias=default
(0.000) INSERT INTO "django_migrations" ("app", "name", "applied") VALUES ('auth', '0004_alter_user_username_opts', '2024-10-21T14:37:00.322950+00:00'::timestamptz) RETURNING "django_migrations"."id"; args=('auth', '0004_alter_user_username_opts', datetime.datetime(2024, 10, 21, 14, 37, 0, 322950, tzinfo=datetime.timezone.utc)); alias=default
(0.016) COMMIT; args=None; alias=default
(0.000) BEGIN; args=None; alias=default
ALTER TABLE "auth_user" ALTER COLUMN "last_login" DROP NOT NULL; (params None)
(0.000) ALTER TABLE "auth_user" ALTER COLUMN "last_login" DROP NOT NULL; args=None; alias=default
(0.000) INSERT INTO "django_migrations" ("app", "name", "applied") VALUES ('auth', '0005_alter_user_last_login_null', '2024-10-21T14:37:00.329395+00:00'::timestamptz) RETURNING "django_migrations"."id"; args=('auth', '0005_alter_user_last_login_null', datetime.datetime(2024, 10, 21, 14, 37, 0, 329395, tzinfo=datetime.timezone.utc)); alias=default
(0.000) COMMIT; args=None; alias=default
(0.000) BEGIN; args=None; alias=default
(0.000) INSERT INTO "django_migrations" ("app", "name", "applied") VALUES ('auth', '0006_require_contenttypes_0002', '2024-10-21T14:37:00.329395+00:00'::timestamptz) RETURNING "django_migrations"."id"; args=('auth', '0006_require_contenttypes_0002', datetime.datetime(2024, 10, 21, 14, 37, 0, 329395, tzinfo=datetime.timezone.utc)); alias=default
(0.000) COMMIT; args=None; alias=default
(0.000) BEGIN; args=None; alias=default
(0.000) INSERT INTO "django_migrations" ("app", "name", "applied") VALUES ('auth', '0007_alter_validators_add_error_messages', '2024-10-21T14:37:00.339567+00:00'::timestamptz) RETURNING "django_migrations"."id"; args=('auth', '0007_alter_validators_add_error_messages', datetime.datetime(2024, 10, 21, 14, 37, 0, 339567, tzinfo=datetime.timezone.utc)); alias=default
(0.000) COMMIT; args=None; alias=default
(0.000) BEGIN; args=None; alias=default
ALTER TABLE "auth_user" ALTER COLUMN "username" TYPE varchar(150); (params None)
(0.000) ALTER TABLE "auth_user" ALTER COLUMN "username" TYPE varchar(150); args=None; alias=default
(0.000) INSERT INTO "django_migrations" ("app", "name", "applied") VALUES ('auth', '0008_alter_user_username_max_length', '2024-10-21T14:37:00.353230+00:00'::timestamptz) RETURNING "django_migrations"."id"; args=('auth', '0008_alter_user_username_max_length', datetime.datetime(2024, 10, 21, 14, 37, 0, 353230, tzinfo=datetime.timezone.utc)); alias=default
(0.000) COMMIT; args=None; alias=default
(0.000) BEGIN; args=None; alias=default
ALTER TABLE "auth_user" ALTER COLUMN "last_name" TYPE varchar(150); (params None)
(0.000) ALTER TABLE "auth_user" ALTER COLUMN "last_name" TYPE varchar(150); args=None; alias=default
(0.000) INSERT INTO "django_migrations" ("app", "name", "applied") VALUES ('auth', '0009_alter_user_last_name_max_length', '2024-10-21T14:37:00.374928+00:00'::timestamptz) RETURNING "django_migrations"."id"; args=('auth', '0009_alter_user_last_name_max_length', datetime.datetime(2024, 10, 21, 14, 37, 0, 374928, tzinfo=datetime.timezone.utc)); alias=default
(0.000) COMMIT; args=None; alias=default
(0.000) BEGIN; args=None; alias=default
ALTER TABLE "auth_group" ALTER COLUMN "name" TYPE varchar(150); (params None)
(0.000) ALTER TABLE "auth_group" ALTER COLUMN "name" TYPE varchar(150); args=None; alias=default
(0.000) INSERT INTO "django_migrations" ("app", "name", "applied") VALUES ('auth', '0010_alter_group_name_max_length', '2024-10-21T14:37:00.384659+00:00'::timestamptz) RETURNING "django_migrations"."id"; args=('auth', '0010_alter_group_name_max_length', datetime.datetime(2024, 10, 21, 14, 37, 0, 384659, tzinfo=datetime.timezone.utc)); alias=default
(0.000) COMMIT; args=None; alias=default
(0.000) BEGIN; args=None; alias=default
(0.000) INSERT INTO "django_migrations" ("app", "name", "applied") VALUES ('auth', '0011_update_proxy_permissions', '2024-10-21T14:37:00.384659+00:00'::timestamptz) RETURNING "django_migrations"."id"; args=('auth', '0011_update_proxy_permissions', datetime.datetime(2024, 10, 21, 14, 37, 0, 384659, tzinfo=datetime.timezone.utc)); alias=default
(0.000) COMMIT; args=None; alias=default
(0.000) BEGIN; args=None; alias=default
ALTER TABLE "auth_user" ALTER COLUMN "first_name" TYPE varchar(150); (params None)
(0.000) ALTER TABLE "auth_user" ALTER COLUMN "first_name" TYPE varchar(150); args=None; alias=default
(0.000) INSERT INTO "django_migrations" ("app", "name", "applied") VALUES ('auth', '0012_alter_user_first_name_max_length', '2024-10-21T14:37:00.400467+00:00'::timestamptz) RETURNING "django_migrations"."id"; args=('auth', '0012_alter_user_first_name_max_length', datetime.datetime(2024, 10, 21, 14, 37, 0, 400467, tzinfo=datetime.timezone.utc)); alias=default
(0.000) COMMIT; args=None; alias=default
(0.000) BEGIN; args=None; alias=default
CREATE TABLE "django_session" ("session_key" varchar(40) NOT NULL PRIMARY KEY, "session_data" text NOT NULL, "expire_date" timestamp with time zone NOT NULL); (params None)
(0.016) CREATE TABLE "django_session" ("session_key" varchar(40) NOT NULL PRIMARY KEY, "session_data" text NOT NULL, "expire_date" timestamp with time zone NOT NULL); args=None; alias=default
CREATE INDEX "django_session_session_key_c0390e0f_like" ON "django_session" ("session_key" varchar_pattern_ops); (params None)
(0.000) CREATE INDEX "django_session_session_key_c0390e0f_like" ON "django_session" ("session_key" varchar_pattern_ops); args=None; alias=default
CREATE INDEX "django_session_expire_date_a5c62663" ON "django_session" ("expire_date"); (params None)
(0.000) CREATE INDEX "django_session_expire_date_a5c62663" ON "django_session" ("expire_date"); args=None; alias=default
(0.000) COMMIT; args=None; alias=default
(0.000) INSERT INTO "django_migrations" ("app", "name", "applied") VALUES ('sessions', '0001_initial', '2024-10-21T14:37:00.424749+00:00'::timestamptz) RETURNING "django_migrations"."id"; args=('sessions', '0001_initial', datetime.datetime(2024, 10, 21, 14, 37, 0, 424749, tzinfo=datetime.timezone.utc)); alias=default
(0.000) SELECT "django_migrations"."id", "django_migrations"."app", "django_migrations"."name", "django_migrations"."applied" FROM "django_migrations"; args=(); alias=default
(0.000) SELECT "django_content_type"."id", "django_content_type"."app_label", "django_content_type"."model" FROM "django_content_type" WHERE "django_content_type"."app_label" = 'admin'; args=('admin',); alias=default
(0.000) BEGIN; args=None; alias=default
(0.000) INSERT INTO "django_content_type" ("app_label", "model") VALUES ('admin', 'logentry') RETURNING "django_content_type"."id"; args=('admin', 'logentry'); alias=default
(0.000) COMMIT; args=None; alias=default
(0.000) SELECT "django_content_type"."id", "django_content_type"."app_label", "django_content_type"."model" FROM "django_content_type" WHERE ("django_content_type"."app_label" = 'admin' AND "django_content_type"."model" IN ('logentry')); args=('admin', 'logentry'); alias=default
(0.000) SELECT "auth_permission"."content_type_id", "auth_permission"."codename" FROM "auth_permission" INNER JOIN "django_content_type" ON ("auth_permission"."content_type_id" = "django_content_type"."id") WHERE "auth_permission"."content_type_id" IN (1) ORDER BY "django_content_type"."app_label" ASC, "django_content_type"."model" ASC, "auth_permission"."codename" ASC; args=(1,); alias=default
(0.000) BEGIN; args=None; alias=default
(0.015) INSERT INTO "auth_permission" ("name", "content_type_id", "codename") VALUES ('Can add log entry', 1, 'add_logentry'), ('Can change log entry', 1, 'change_logentry'), ('Can delete log entry', 1, 'delete_logentry'), ('Can view log entry', 1, 'view_logentry') RETURNING "auth_permission"."id"; args=('Can add log entry', 1, 'add_logentry', 'Can change log entry', 1, 'change_logentry', 'Can delete log entry', 1, 'delete_logentry', 'Can view log entry', 1, 'view_logentry'); alias=default
(0.000) COMMIT; args=None; alias=default
(0.000) SELECT "django_content_type"."id", "django_content_type"."app_label", "django_content_type"."model" FROM "django_content_type" WHERE "django_content_type"."app_label" = 'admin'; args=('admin',); alias=default
(0.000) SELECT "django_content_type"."id", "django_content_type"."app_label", "django_content_type"."model" FROM "django_content_type" WHERE "django_content_type"."app_label" = 'auth'; args=('auth',); alias=default
(0.000) BEGIN; args=None; alias=default
(0.000) INSERT INTO "django_content_type" ("app_label", "model") VALUES ('auth', 'permission'), ('auth', 'group'), ('auth', 'user') RETURNING "django_content_type"."id"; args=('auth', 'permission', 'auth', 'group', 'auth', 'user'); alias=default
(0.000) COMMIT; args=None; alias=default
(0.000) SELECT "django_content_type"."id", "django_content_type"."app_label", "django_content_type"."model" FROM "django_content_type" WHERE ("django_content_type"."app_label" = 'auth' AND "django_content_type"."model" IN ('user', 'group', 'permission')); args=('auth', 'user', 'group', 'permission'); alias=default
(0.000) SELECT "auth_permission"."content_type_id", "auth_permission"."codename" FROM "auth_permission" INNER JOIN "django_content_type" ON ("auth_permission"."content_type_id" = "django_content_type"."id") WHERE "auth_permission"."content_type_id" IN (2, 3, 4) ORDER BY "django_content_type"."app_label" ASC, "django_content_type"."model" ASC, "auth_permission"."codename" ASC; args=(2, 3, 4); alias=default
(0.000) BEGIN; args=None; alias=default
(0.000) INSERT INTO "auth_permission" ("name", "content_type_id", "codename") VALUES ('Can add permission', 2, 'add_permission'), ('Can change permission', 2, 'change_permission'), ('Can delete permission', 2, 'delete_permission'), ('Can view permission', 2, 'view_permission'), ('Can add group', 3, 'add_group'), ('Can change group', 3, 'change_group'), ('Can delete group', 3, 'delete_group'), ('Can view group', 3, 'view_group'), ('Can add user', 4, 'add_user'), ('Can change user', 4, 'change_user'), ('Can delete user', 4, 'delete_user'), ('Can view user', 4, 'view_user') RETURNING "auth_permission"."id"; args=('Can add permission', 2, 'add_permission', 'Can change permission', 2, 'change_permission', 'Can delete permission', 2, 'delete_permission', 'Can view permission', 2, 'view_permission', 'Can add group', 3, 'add_group', 'Can change group', 3, 'change_group', 'Can delete group', 3, 'delete_group', 'Can view group', 3, 'view_group', 'Can add user', 4, 'add_user', 'Can change user', 4, 'change_user', 'Can delete user', 4, 'delete_user', 'Can view user', 4, 'view_user'); alias=default
(0.000) COMMIT; args=None; alias=default
(0.000) SELECT "django_content_type"."id", "django_content_type"."app_label", "django_content_type"."model" FROM "django_content_type" WHERE "django_content_type"."app_label" = 'auth'; args=('auth',); alias=default
(0.000) SELECT "django_content_type"."id", "django_content_type"."app_label", "django_content_type"."model" FROM "django_content_type" WHERE "django_content_type"."app_label" = 'contenttypes'; args=('contenttypes',); alias=default
(0.000) BEGIN; args=None; alias=default
(0.000) INSERT INTO "django_content_type" ("app_label", "model") VALUES ('contenttypes', 'contenttype') RETURNING "django_content_type"."id"; args=('contenttypes', 'contenttype'); alias=default
(0.000) COMMIT; args=None; alias=default
(0.015) SELECT "django_content_type"."id", "django_content_type"."app_label", "django_content_type"."model" FROM "django_content_type" WHERE ("django_content_type"."app_label" = 'contenttypes' AND "django_content_type"."model" IN ('contenttype')); args=('contenttypes', 'contenttype'); alias=default
(0.000) SELECT "auth_permission"."content_type_id", "auth_permission"."codename" FROM "auth_permission" INNER JOIN "django_content_type" ON ("auth_permission"."content_type_id" = "django_content_type"."id") WHERE "auth_permission"."content_type_id" IN (5) ORDER BY "django_content_type"."app_label" ASC, "django_content_type"."model" ASC, "auth_permission"."codename" ASC; args=(5,); alias=default
(0.000) BEGIN; args=None; alias=default
(0.000) INSERT INTO "auth_permission" ("name", "content_type_id", "codename") VALUES ('Can add content type', 5, 'add_contenttype'), ('Can change content type', 5, 'change_contenttype'), ('Can delete content type', 5, 'delete_contenttype'), ('Can view content type', 5, 'view_contenttype') RETURNING "auth_permission"."id"; args=('Can add content type', 5, 'add_contenttype', 'Can change content type', 5, 'change_contenttype', 'Can delete content type', 5, 'delete_contenttype', 'Can view content type', 5, 'view_contenttype'); alias=default
(0.000) COMMIT; args=None; alias=default
(0.000) SELECT "django_content_type"."id", "django_content_type"."app_label", "django_content_type"."model" FROM "django_content_type" WHERE "django_content_type"."app_label" = 'contenttypes'; args=('contenttypes',); alias=default
(0.000) SELECT "django_content_type"."id", "django_content_type"."app_label", "django_content_type"."model" FROM "django_content_type" WHERE "django_content_type"."app_label" = 'sessions'; args=('sessions',); alias=default
(0.000) BEGIN; args=None; alias=default
(0.000) INSERT INTO "django_content_type" ("app_label", "model") VALUES ('sessions', 'session') RETURNING "django_content_type"."id"; args=('sessions', 'session'); alias=default
(0.000) COMMIT; args=None; alias=default
(0.000) SELECT "django_content_type"."id", "django_content_type"."app_label", "django_content_type"."model" FROM "django_content_type" WHERE ("django_content_type"."app_label" = 'sessions' AND "django_content_type"."model" IN ('session')); args=('sessions', 'session'); alias=default
(0.000) SELECT "auth_permission"."content_type_id", "auth_permission"."codename" FROM "auth_permission" INNER JOIN "django_content_type" ON ("auth_permission"."content_type_id" = "django_content_type"."id") WHERE "auth_permission"."content_type_id" IN (6) ORDER BY "django_content_type"."app_label" ASC, "django_content_type"."model" ASC, "auth_permission"."codename" ASC; args=(6,); alias=default
(0.000) BEGIN; args=None; alias=default
(0.000) INSERT INTO "auth_permission" ("name", "content_type_id", "codename") VALUES ('Can add session', 6, 'add_session'), ('Can change session', 6, 'change_session'), ('Can delete session', 6, 'delete_session'), ('Can view session', 6, 'view_session') RETURNING "auth_permission"."id"; args=('Can add session', 6, 'add_session', 'Can change session', 6, 'change_session', 'Can delete session', 6, 'delete_session', 'Can view session', 6, 'view_session'); alias=default
(0.000) COMMIT; args=None; alias=default
(0.000) SELECT "django_content_type"."id", "django_content_type"."app_label", "django_content_type"."model" FROM "django_content_type" WHERE "django_content_type"."app_label" = 'sessions'; args=('sessions',); alias=default
(0.000) SELECT "django_content_type"."id", "django_content_type"."app_label", "django_content_type"."model" FROM "django_content_type" WHERE "django_content_type"."app_label" = 'rest_framework_simplejwt'; args=('rest_framework_simplejwt',); alias=default
(0.000) SELECT "django_content_type"."id", "django_content_type"."app_label", "django_content_type"."model" FROM "django_content_type" WHERE "django_content_type"."app_label" = 'rest_framework_simplejwt'; args=('rest_framework_simplejwt',); alias=default
Watching for file changes with StatReloader
Waiting for apps ready_event.
Apps ready_event triggered. Sending autoreload_started signal.
(0.016) 
            SELECT
                c.relname,
                CASE
                    WHEN c.relispartition THEN 'p'
                    WHEN c.relkind IN ('m', 'v') THEN 'v'
                    ELSE 't'
                END,
                obj_description(c.oid, 'pg_class')
            FROM pg_catalog.pg_class c
            LEFT JOIN pg_catalog.pg_namespace n ON n.oid = c.relnamespace
            WHERE c.relkind IN ('f', 'm', 'p', 'r', 'v')
                AND n.nspname NOT IN ('pg_catalog', 'pg_toast')
                AND pg_catalog.pg_table_is_visible(c.oid)
        ; args=None; alias=default
(0.000) SELECT "django_migrations"."id", "django_migrations"."app", "django_migrations"."name", "django_migrations"."applied" FROM "django_migrations"; args=(); alias=default
File C:\Users\arunv\AppData\Local\Programs\Python\Python312\Lib\copy.py first seen with mtime 1696233358.0
File C:\Users\arunv\AppData\Local\Programs\Python\Python312\DLLs\_ssl.pyd first seen with mtime 1696233430.0
File C:\Users\arunv\AppData\Local\Programs\Python\Python312\DLLs\_ctypes.pyd first seen with mtime 1696233428.0
File C:\Users\arunv\AppData\Local\Programs\Python\Python312\Lib\asyncio\constants.py first seen with mtime 1696233358.0
File C:\Users\arunv\AppData\Local\Programs\Python\Python312\Lib\xml\__init__.py first seen with mtime 1696233358.0
File C:\Users\arunv\AppData\Local\Programs\Python\Python312\Lib\zoneinfo\_common.py first seen with mtime 1696233358.0
File C:\Users\arunv\AppData\Local\Programs\Python\Python312\Lib\subprocess.py first seen with mtime 1696233358.0
File C:\Users\arunv\AppData\Local\Programs\Python\Python312\Lib\xml\dom\domreg.py first seen with mtime 1696233358.0
File C:\Users\arunv\AppData\Local\Programs\Python\Python312\Lib\asyncio\runners.py first seen with mtime 1696233358.0
File C:\Users\arunv\AppData\Local\Programs\Python\Python312\Lib\re\_constants.py first seen with mtime 1696233358.0
File C:\Users\arunv\AppData\Local\Programs\Python\Python312\Lib\zoneinfo\_tzpath.py first seen with mtime 1696233358.0
File C:\Users\arunv\AppData\Local\Programs\Python\Python312\Lib\email\quoprimime.py first seen with mtime 1696233358.0
File C:\Users\arunv\AppData\Local\Programs\Python\Python312\Lib\email\mime\multipart.py first seen with mtime 1696233358.0
File C:\Users\arunv\AppData\Local\Programs\Python\Python312\Lib\asyncio\windows_utils.py first seen with mtime 1696233358.0
File C:\Users\arunv\AppData\Local\Programs\Python\Python312\Lib\asyncio\__init__.py first seen with mtime 1696233358.0
File C:\Users\arunv\AppData\Local\Programs\Python\Python312\Lib\re\__init__.py first seen with mtime 1696233358.0
File C:\Users\arunv\AppData\Local\Programs\Python\Python312\Lib\textwrap.py first seen with mtime 1696233358.0
File C:\Users\arunv\AppData\Local\Programs\Python\Python312\Lib\urllib\response.py first seen with mtime 1696233358.0
File C:\Users\arunv\AppData\Local\Programs\Python\Python312\Lib\encodings\utf_8.py first seen with mtime 1696233358.0
File C:\Users\arunv\AppData\Local\Programs\Python\Python312\Lib\asyncio\sslproto.py first seen with mtime 1696233358.0
File C:\Users\arunv\AppData\Local\Programs\Python\Python312\Lib\gzip.py first seen with mtime 1696233358.0
File C:\Users\arunv\AppData\Local\Programs\Python\Python312\Lib\nturl2path.py first seen with mtime 1696233358.0
File C:\Users\arunv\AppData\Local\Programs\Python\Python312\Lib\email\charset.py first seen with mtime 1696233358.0
File C:\Users\arunv\AppData\Local\Programs\Python\Python312\Lib\importlib\metadata\_meta.py first seen with mtime 1696233358.0
File C:\Users\arunv\AppData\Local\Programs\Python\Python312\Lib\xml\dom\minidom.py first seen with mtime 1696233358.0
File C:\Users\arunv\AppData\Local\Programs\Python\Python312\DLLs\_queue.pyd first seen with mtime 1696233428.0
File C:\Users\arunv\AppData\Local\Programs\Python\Python312\Lib\wsgiref\headers.py first seen with mtime 1696233358.0
File C:\Users\arunv\AppData\Local\Programs\Python\Python312\Lib\zipfile\__init__.py first seen with mtime 1696233358.0
File C:\Users\arunv\AppData\Local\Programs\Python\Python312\Lib\email\_header_value_parser.py first seen with mtime 1696233358.0
File C:\Users\arunv\AppData\Local\Programs\Python\Python312\Lib\unittest\util.py first seen with mtime 1696233358.0
File C:\Users\arunv\AppData\Local\Programs\Python\Python312\Lib\selectors.py first seen with mtime 1696233358.0
File C:\Users\arunv\AppData\Local\Programs\Python\Python312\Lib\wsgiref\handlers.py first seen with mtime 1696233358.0
File C:\Users\arunv\AppData\Local\Programs\Python\Python312\Lib\importlib\metadata\_collections.py first seen with mtime 1696233358.0
File C:\Users\arunv\AppData\Local\Programs\Python\Python312\Lib\asyncio\exceptions.py first seen with mtime 1696233358.0
File C:\Users\arunv\AppData\Local\Programs\Python\Python312\Lib\lzma.py first seen with mtime 1696233358.0
File C:\Users\arunv\AppData\Local\Programs\Python\Python312\Lib\importlib\_abc.py first seen with mtime 1696233358.0
File C:\Users\arunv\AppData\Local\Programs\Python\Python312\Lib\socket.py first seen with mtime 1696233358.0
File C:\Users\arunv\AppData\Local\Programs\Python\Python312\Lib\platform.py first seen with mtime 1696233358.0
File C:\Users\arunv\AppData\Local\Programs\Python\Python312\Lib\ssl.py first seen with mtime 1696233358.0
File C:\Users\arunv\AppData\Local\Programs\Python\Python312\Lib\asyncio\windows_events.py first seen with mtime 1696233358.0
File C:\Users\arunv\AppData\Local\Programs\Python\Python312\DLLs\_wmi.pyd first seen with mtime 1696233428.0
File C:\Users\arunv\AppData\Local\Programs\Python\Python312\Lib\importlib\abc.py first seen with mtime 1696233358.0
File C:\Users\arunv\AppData\Local\Programs\Python\Python312\Lib\unittest\case.py first seen with mtime 1696233358.0
File C:\Users\arunv\AppData\Local\Programs\Python\Python312\Lib\base64.py first seen with mtime 1696233358.0
File C:\Users\arunv\AppData\Local\Programs\Python\Python312\Lib\shutil.py first seen with mtime 1696233358.0
File C:\Users\arunv\AppData\Local\Programs\Python\Python312\Lib\hmac.py first seen with mtime 1696233358.0
File C:\Users\arunv\AppData\Local\Programs\Python\Python312\Lib\unittest\suite.py first seen with mtime 1696233358.0
File C:\Users\arunv\AppData\Local\Programs\Python\Python312\Lib\asyncio\base_tasks.py first seen with mtime 1696233358.0
File C:\Users\arunv\AppData\Local\Programs\Python\Python312\Lib\asyncio\locks.py first seen with mtime 1696233358.0
File C:\Users\arunv\AppData\Local\Programs\Python\Python312\Lib\importlib\metadata\__init__.py first seen with mtime 1696233358.0
File C:\Users\arunv\AppData\Local\Programs\Python\Python312\Lib\email\encoders.py first seen with mtime 1696233358.0
File C:\Users\arunv\AppData\Local\Programs\Python\Python312\Lib\importlib\__init__.py first seen with mtime 1696233358.0
File C:\Users\arunv\AppData\Local\Programs\Python\Python312\Lib\copyreg.py first seen with mtime 1696233358.0
File C:\Users\arunv\AppData\Local\Programs\Python\Python312\Lib\dataclasses.py first seen with mtime 1696233358.0
File C:\Users\arunv\AppData\Local\Programs\Python\Python312\DLLs\_overlapped.pyd first seen with mtime 1696233430.0
File C:\Users\arunv\AppData\Local\Programs\Python\Python312\Lib\importlib\resources\_common.py first seen with mtime 1696233358.0
File C:\Users\arunv\AppData\Local\Programs\Python\Python312\Lib\token.py first seen with mtime 1696233358.0
File C:\Users\arunv\AppData\Local\Programs\Python\Python312\Lib\email\mime\message.py first seen with mtime 1696233358.0
File C:\Users\arunv\AppData\Local\Programs\Python\Python312\Lib\http\__init__.py first seen with mtime 1696233358.0
File C:\Users\arunv\AppData\Local\Programs\Python\Python312\Lib\weakref.py first seen with mtime 1696233358.0
File C:\Users\arunv\AppData\Local\Programs\Python\Python312\Lib\encodings\__init__.py first seen with mtime 1696233358.0
File C:\Users\arunv\AppData\Local\Programs\Python\Python312\Lib\html\parser.py first seen with mtime 1696233358.0
File C:\Users\arunv\AppData\Local\Programs\Python\Python312\Lib\re\_parser.py first seen with mtime 1696233358.0
File C:\Users\arunv\AppData\Local\Programs\Python\Python312\DLLs\_zoneinfo.pyd first seen with mtime 1696233430.0
File C:\Users\arunv\AppData\Local\Programs\Python\Python312\Lib\random.py first seen with mtime 1696233358.0
File C:\Users\arunv\AppData\Local\Programs\Python\Python312\Lib\string.py first seen with mtime 1696233358.0
File C:\Users\arunv\AppData\Local\Programs\Python\Python312\Lib\email\__init__.py first seen with mtime 1696233358.0
File C:\Users\arunv\AppData\Local\Programs\Python\Python312\Lib\_weakrefset.py first seen with mtime 1696233358.0
File C:\Users\arunv\AppData\Local\Programs\Python\Python312\Lib\importlib\metadata\_adapters.py first seen with mtime 1696233358.0
File C:\Users\arunv\AppData\Local\Programs\Python\Python312\Lib\importlib\metadata\_itertools.py first seen with mtime 1696233358.0
File C:\Users\arunv\AppData\Local\Programs\Python\Python312\Lib\xml\dom\__init__.py first seen with mtime 1696233358.0
File C:\Users\arunv\AppData\Local\Programs\Python\Python312\Lib\email\mime\nonmultipart.py first seen with mtime 1696233358.0
File C:\Users\arunv\AppData\Local\Programs\Python\Python312\Lib\json\scanner.py first seen with mtime 1696233358.0
File C:\Users\arunv\AppData\Local\Programs\Python\Python312\Lib\opcode.py first seen with mtime 1696233358.0
File C:\Users\arunv\AppData\Local\Programs\Python\Python312\Lib\reprlib.py first seen with mtime 1696233358.0
File C:\Users\arunv\AppData\Local\Programs\Python\Python312\Lib\signal.py first seen with mtime 1696233358.0
File C:\Users\arunv\AppData\Local\Programs\Python\Python312\Lib\traceback.py first seen with mtime 1696233358.0
File C:\Users\arunv\AppData\Local\Programs\Python\Python312\Lib\tempfile.py first seen with mtime 1696233358.0
File C:\Users\arunv\AppData\Local\Programs\Python\Python312\Lib\inspect.py first seen with mtime 1696233358.0
File C:\Users\arunv\AppData\Local\Programs\Python\Python312\Lib\dis.py first seen with mtime 1696233358.0
File C:\Users\arunv\AppData\Local\Programs\Python\Python312\Lib\email\policy.py first seen with mtime 1696233358.0
File C:\Users\arunv\AppData\Local\Programs\Python\Python312\Lib\pickle.py first seen with mtime 1696233358.0
File C:\Users\arunv\AppData\Local\Programs\Python\Python312\Lib\email\_parseaddr.py first seen with mtime 1696233358.0
File C:\Users\arunv\AppData\Local\Programs\Python\Python312\Lib\ctypes\wintypes.py first seen with mtime 1696233358.0
File C:\Users\arunv\AppData\Local\Programs\Python\Python312\Lib\asyncio\base_events.py first seen with mtime 1696233358.0
File C:\Users\arunv\AppData\Local\Programs\Python\Python312\Lib\unittest\main.py first seen with mtime 1696233358.0
File C:\Users\arunv\AppData\Local\Programs\Python\Python312\Lib\unittest\runner.py first seen with mtime 1696233358.0
File C:\Users\arunv\AppData\Local\Programs\Python\Python312\Lib\http\client.py first seen with mtime 1696233358.0
File C:\Users\arunv\AppData\Local\Programs\Python\Python312\Lib\email\iterators.py first seen with mtime 1696233358.0
File C:\Users\arunv\AppData\Local\Programs\Python\Python312\Lib\asyncio\proactor_events.py first seen with mtime 1696233358.0
File C:\Users\arunv\AppData\Local\Programs\Python\Python312\Lib\numbers.py first seen with mtime 1696233358.0
File C:\Users\arunv\AppData\Local\Programs\Python\Python312\Lib\importlib\resources\_legacy.py first seen with mtime 1696233358.0
File C:\Users\arunv\AppData\Local\Programs\Python\Python312\Lib\asyncio\events.py first seen with mtime 1696233358.0
File C:\Users\arunv\AppData\Local\Programs\Python\Python312\Lib\zipfile\_path\__init__.py first seen with mtime 1696233358.0
File C:\Users\arunv\AppData\Local\Programs\Python\Python312\Lib\tokenize.py first seen with mtime 1696233358.0
File C:\Users\arunv\AppData\Local\Programs\Python\Python312\Lib\calendar.py first seen with mtime 1696233358.0
File C:\Users\arunv\AppData\Local\Programs\Python\Python312\Lib\wsgiref\util.py first seen with mtime 1696233358.0
File C:\Users\arunv\AppData\Local\Programs\Python\Python312\Lib\wsgiref\simple_server.py first seen with mtime 1696233358.0
File C:\Users\arunv\AppData\Local\Programs\Python\Python312\Lib\struct.py first seen with mtime 1696233358.0
File C:\Users\arunv\AppData\Local\Programs\Python\Python312\Lib\asyncio\threads.py first seen with mtime 1696233358.0
File C:\Users\arunv\AppData\Local\Programs\Python\Python312\Lib\http\cookies.py first seen with mtime 1696233358.0
File C:\Users\arunv\AppData\Local\Programs\Python\Python312\Lib\asyncio\mixins.py first seen with mtime 1696233358.0
File C:\Users\arunv\AppData\Local\Programs\Python\Python312\Lib\importlib\metadata\_functools.py first seen with mtime 1696233358.0
File C:\Users\arunv\AppData\Local\Programs\Python\Python312\Lib\concurrent\futures\__init__.py first seen with mtime 1696233358.0
File C:\Users\arunv\AppData\Local\Programs\Python\Python312\Lib\_compression.py first seen with mtime 1696233358.0
File C:\Users\arunv\AppData\Local\Programs\Python\Python312\Lib\html\entities.py first seen with mtime 1696233358.0
File C:\Users\arunv\AppData\Local\Programs\Python\Python312\Lib\secrets.py first seen with mtime 1696233358.0
File C:\Users\arunv\AppData\Local\Programs\Python\Python312\Lib\unittest\signals.py first seen with mtime 1696233358.0
File C:\Users\arunv\AppData\Local\Programs\Python\Python312\Lib\zipfile\__main__.py first seen with mtime 1696233358.0
File C:\Users\arunv\AppData\Local\Programs\Python\Python312\Lib\zipfile\_path\glob.py first seen with mtime 1696233358.0
File C:\Users\arunv\AppData\Local\Programs\Python\Python312\Lib\zoneinfo\__init__.py first seen with mtime 1696233358.0
File C:\Users\arunv\AppData\Local\Programs\Python\Python312\Lib\enum.py first seen with mtime 1696233358.0
File C:\Users\arunv\AppData\Local\Programs\Python\Python312\Lib\types.py first seen with mtime 1696233358.0
File C:\Users\arunv\AppData\Local\Programs\Python\Python312\Lib\json\decoder.py first seen with mtime 1696233358.0
File C:\Users\arunv\AppData\Local\Programs\Python\Python312\Lib\asyncio\tasks.py first seen with mtime 1696233358.0
File C:\Users\arunv\AppData\Local\Programs\Python\Python312\Lib\wsgiref\__init__.py first seen with mtime 1696233358.0
File C:\Users\arunv\AppData\Local\Programs\Python\Python312\Lib\contextvars.py first seen with mtime 1696233358.0
File C:\Users\arunv\AppData\Local\Programs\Python\Python312\Lib\functools.py first seen with mtime 1696233358.0
File C:\Users\arunv\AppData\Local\Programs\Python\Python312\Lib\email\message.py first seen with mtime 1696233358.0
File C:\Users\arunv\AppData\Local\Programs\Python\Python312\Lib\concurrent\__init__.py first seen with mtime 1696233358.0
File C:\Users\arunv\AppData\Local\Programs\Python\Python312\Lib\http\server.py first seen with mtime 1696233358.0
File C:\Users\arunv\AppData\Local\Programs\Python\Python312\Lib\urllib\parse.py first seen with mtime 1696233358.0
File C:\Users\arunv\AppData\Local\Programs\Python\Python312\Lib\collections\__init__.py first seen with mtime 1696233358.0
File C:\Users\arunv\AppData\Local\Programs\Python\Python312\Lib\urllib\request.py first seen with mtime 1696233358.0
File C:\Users\arunv\AppData\Local\Programs\Python\Python312\Lib\asyncio\timeouts.py first seen with mtime 1696233358.0
File C:\Users\arunv\AppData\Local\Programs\Python\Python312\Lib\concurrent\futures\_base.py first seen with mtime 1696233358.0
File C:\Users\arunv\AppData\Local\Programs\Python\Python312\Lib\email\base64mime.py first seen with mtime 1696233358.0
File C:\Users\arunv\AppData\Local\Programs\Python\Python312\Lib\concurrent\futures\thread.py first seen with mtime 1696233358.0
File C:\Users\arunv\AppData\Local\Programs\Python\Python312\Lib\email\_policybase.py first seen with mtime 1696233358.0
File C:\Users\arunv\AppData\Local\Programs\Python\Python312\Lib\urllib\error.py first seen with mtime 1696233358.0
File C:\Users\arunv\AppData\Local\Programs\Python\Python312\Lib\email\_encoded_words.py first seen with mtime 1696233358.0
File C:\Users\arunv\AppData\Local\Programs\Python\Python312\Lib\xml\dom\NodeFilter.py first seen with mtime 1696233358.0
File C:\Users\arunv\AppData\Local\Programs\Python\Python312\Lib\pprint.py first seen with mtime 1696233358.0
File C:\Users\arunv\AppData\Local\Programs\Python\Python312\Lib\quopri.py first seen with mtime 1696233358.0
File C:\Users\arunv\AppData\Local\Programs\Python\Python312\Lib\_markupbase.py first seen with mtime 1696233358.0
File C:\Users\arunv\AppData\Local\Programs\Python\Python312\DLLs\unicodedata.pyd first seen with mtime 1696233430.0
File C:\Users\arunv\AppData\Local\Programs\Python\Python312\DLLs\_lzma.pyd first seen with mtime 1696233428.0
File C:\Users\arunv\AppData\Local\Programs\Python\Python312\Lib\asyncio\protocols.py first seen with mtime 1696233358.0
File C:\Users\arunv\AppData\Local\Programs\Python\Python312\Lib\unittest\__init__.py first seen with mtime 1696233358.0
File C:\Users\arunv\AppData\Local\Programs\Python\Python312\Lib\hashlib.py first seen with mtime 1696233358.0
File C:\Users\arunv\AppData\Local\Programs\Python\Python312\Lib\typing.py first seen with mtime 1696233358.0
File C:\Users\arunv\AppData\Local\Programs\Python\Python312\Lib\email\mime\__init__.py first seen with mtime 1696233358.0
File C:\Users\arunv\AppData\Local\Programs\Python\Python312\Lib\ctypes\__init__.py first seen with mtime 1696233358.0
File C:\Users\arunv\AppData\Local\Programs\Python\Python312\Lib\email\header.py first seen with mtime 1696233358.0
File C:\Users\arunv\AppData\Local\Programs\Python\Python312\Lib\uuid.py first seen with mtime 1696233358.0
File C:\Users\arunv\AppData\Local\Programs\Python\Python312\Lib\email\headerregistry.py first seen with mtime 1696233358.0
File C:\Users\arunv\AppData\Local\Programs\Python\Python312\Lib\warnings.py first seen with mtime 1696233358.0
File C:\Users\arunv\AppData\Local\Programs\Python\Python312\Lib\asyncio\subprocess.py first seen with mtime 1696233358.0
File C:\Users\arunv\AppData\Local\Programs\Python\Python312\Lib\operator.py first seen with mtime 1696233358.0
File C:\Users\arunv\AppData\Local\Programs\Python\Python312\Lib\asyncio\streams.py first seen with mtime 1696233358.0
File C:\Users\arunv\AppData\Local\Programs\Python\Python312\Lib\socketserver.py first seen with mtime 1696233358.0
File C:\Users\arunv\AppData\Local\Programs\Python\Python312\Lib\_compat_pickle.py first seen with mtime 1696233358.0
File C:\Users\arunv\AppData\Local\Programs\Python\Python312\Lib\fnmatch.py first seen with mtime 1696233358.0
File C:\Users\arunv\AppData\Local\Programs\Python\Python312\Lib\unittest\result.py first seen with mtime 1696233358.0
File C:\Users\arunv\AppData\Local\Programs\Python\Python312\Lib\re\_compiler.py first seen with mtime 1696233358.0
File C:\Users\arunv\AppData\Local\Programs\Python\Python312\Lib\heapq.py first seen with mtime 1696233358.0
File C:\Users\arunv\AppData\Local\Programs\Python\Python312\Lib\asyncio\transports.py first seen with mtime 1696233358.0
File C:\Users\arunv\AppData\Local\Programs\Python\Python312\Lib\decimal.py first seen with mtime 1696233358.0
File C:\Users\arunv\AppData\Local\Programs\Python\Python312\Lib\bz2.py first seen with mtime 1696233358.0
File C:\Users\arunv\AppData\Local\Programs\Python\Python312\Lib\bisect.py first seen with mtime 1696233358.0
File C:\Users\arunv\AppData\Local\Programs\Python\Python312\Lib\asyncio\futures.py first seen with mtime 1696233358.0
File C:\Users\arunv\AppData\Local\Programs\Python\Python312\DLLs\_socket.pyd first seen with mtime 1696233428.0
File C:\Users\arunv\AppData\Local\Programs\Python\Python312\Lib\mimetypes.py first seen with mtime 1696233358.0
File C:\Users\arunv\AppData\Local\Programs\Python\Python312\Lib\urllib\__init__.py first seen with mtime 1696233358.0
File C:\Users\arunv\AppData\Local\Programs\Python\Python312\Lib\pathlib.py first seen with mtime 1696233358.0
File C:\Users\arunv\AppData\Local\Programs\Python\Python312\DLLs\_uuid.pyd first seen with mtime 1696233428.0
File C:\Users\arunv\AppData\Local\Programs\Python\Python312\Lib\logging\__init__.py first seen with mtime 1696233358.0
File C:\Users\arunv\AppData\Local\Programs\Python\Python312\Lib\importlib\resources\__init__.py first seen with mtime 1696233358.0
File C:\Users\arunv\AppData\Local\Programs\Python\Python312\Lib\glob.py first seen with mtime 1696233358.0
File C:\Users\arunv\AppData\Local\Programs\Python\Python312\Lib\email\mime\text.py first seen with mtime 1696233358.0
File C:\Users\arunv\AppData\Local\Programs\Python\Python312\Lib\email\parser.py first seen with mtime 1696233358.0
File C:\Users\arunv\AppData\Local\Programs\Python\Python312\Lib\ast.py first seen with mtime 1696233358.0
File C:\Users\arunv\AppData\Local\Programs\Python\Python312\DLLs\select.pyd first seen with mtime 1696233428.0
File C:\Users\arunv\AppData\Local\Programs\Python\Python312\Lib\json\__init__.py first seen with mtime 1696233358.0
File C:\Users\arunv\AppData\Local\Programs\Python\Python312\Lib\encodings\aliases.py first seen with mtime 1696233358.0
File C:\Users\arunv\AppData\Local\Programs\Python\Python312\Lib\asyncio\log.py first seen with mtime 1696233358.0
File C:\Users\arunv\AppData\Local\Programs\Python\Python312\Lib\email\utils.py first seen with mtime 1696233358.0
File C:\Users\arunv\AppData\Local\Programs\Python\Python312\DLLs\_hashlib.pyd first seen with mtime 1696233428.0
File C:\Users\arunv\AppData\Local\Programs\Python\Python312\Lib\email\mime\base.py first seen with mtime 1696233358.0
File C:\Users\arunv\AppData\Local\Programs\Python\Python312\Lib\ctypes\_endian.py first seen with mtime 1696233358.0
File C:\Users\arunv\AppData\Local\Programs\Python\Python312\Lib\email\feedparser.py first seen with mtime 1696233358.0
File C:\Users\arunv\AppData\Local\Programs\Python\Python312\Lib\importlib\metadata\_text.py first seen with mtime 1696233358.0
File C:\Users\arunv\AppData\Local\Programs\Python\Python312\Lib\datetime.py first seen with mtime 1696233358.0
File C:\Users\arunv\AppData\Local\Programs\Python\Python312\Lib\asyncio\taskgroups.py first seen with mtime 1696233358.0
File C:\Users\arunv\AppData\Local\Programs\Python\Python312\Lib\html\__init__.py first seen with mtime 1696233358.0
File C:\Users\arunv\AppData\Local\Programs\Python\Python312\Lib\getpass.py first seen with mtime 1696233358.0
File C:\Users\arunv\AppData\Local\Programs\Python\Python312\Lib\xml\dom\minicompat.py first seen with mtime 1696233358.0
File C:\Users\arunv\AppData\Local\Programs\Python\Python312\DLLs\_asyncio.pyd first seen with mtime 1696233428.0
File C:\Users\arunv\AppData\Local\Programs\Python\Python312\Lib\email\errors.py first seen with mtime 1696233358.0
File C:\Users\arunv\AppData\Local\Programs\Python\Python312\Lib\contextlib.py first seen with mtime 1696233358.0
File C:\Users\arunv\AppData\Local\Programs\Python\Python312\Lib\asyncio\selector_events.py first seen with mtime 1696233358.0
File C:\Users\arunv\AppData\Local\Programs\Python\Python312\Lib\email\contentmanager.py first seen with mtime 1696233358.0
File C:\Users\arunv\AppData\Local\Programs\Python\Python312\Lib\unittest\loader.py first seen with mtime 1696233358.0
File C:\Users\arunv\AppData\Local\Programs\Python\Python312\Lib\collections\abc.py first seen with mtime 1696233358.0
File C:\Users\arunv\AppData\Local\Programs\Python\Python312\Lib\json\encoder.py first seen with mtime 1696233358.0
File C:\Users\arunv\AppData\Local\Programs\Python\Python312\DLLs\_decimal.pyd first seen with mtime 1696233428.0
File C:\Users\arunv\AppData\Local\Programs\Python\Python312\Lib\linecache.py first seen with mtime 1696233358.0
File C:\Users\arunv\AppData\Local\Programs\Python\Python312\Lib\locale.py first seen with mtime 1696233358.0
File C:\Users\arunv\AppData\Local\Programs\Python\Python312\Lib\asyncio\trsock.py first seen with mtime 1696233358.0
File C:\Users\arunv\AppData\Local\Programs\Python\Python312\Lib\email\generator.py first seen with mtime 1696233358.0
File C:\Users\arunv\AppData\Local\Programs\Python\Python312\Lib\re\_casefix.py first seen with mtime 1696233358.0
File C:\Users\arunv\AppData\Local\Programs\Python\Python312\Lib\gettext.py first seen with mtime 1696233358.0
File C:\Users\arunv\AppData\Local\Programs\Python\Python312\Lib\unittest\mock.py first seen with mtime 1696233358.0
File C:\Users\arunv\AppData\Local\Programs\Python\Python312\Lib\argparse.py first seen with mtime 1696233358.0
File C:\Users\arunv\AppData\Local\Programs\Python\Python312\Lib\csv.py first seen with mtime 1696233358.0
File C:\Users\arunv\AppData\Local\Programs\Python\Python312\Lib\graphlib.py first seen with mtime 1696233358.0
File C:\Users\arunv\AppData\Local\Programs\Python\Python312\Lib\asyncio\base_futures.py first seen with mtime 1696233358.0
File C:\Users\arunv\AppData\Local\Programs\Python\Python312\Lib\importlib\resources\abc.py first seen with mtime 1696233358.0
File C:\Users\arunv\AppData\Local\Programs\Python\Python312\Lib\asyncio\staggered.py first seen with mtime 1696233358.0
File C:\Users\arunv\AppData\Local\Programs\Python\Python312\Lib\threading.py first seen with mtime 1696233358.0
File C:\Users\arunv\AppData\Local\Programs\Python\Python312\Lib\asyncio\base_subprocess.py first seen with mtime 1696233358.0
File C:\Users\arunv\AppData\Local\Programs\Python\Python312\Lib\encodings\cp1252.py first seen with mtime 1696233358.0
File C:\Users\arunv\AppData\Local\Programs\Python\Python312\Lib\asyncio\queues.py first seen with mtime 1696233358.0
File C:\Users\arunv\AppData\Local\Programs\Python\Python312\Lib\asyncio\coroutines.py first seen with mtime 1696233358.0
File C:\Users\arunv\AppData\Local\Programs\Python\Python312\Lib\ipaddress.py first seen with mtime 1696233358.0
File C:\Users\arunv\AppData\Local\Programs\Python\Python312\DLLs\_bz2.pyd first seen with mtime 1696233430.0
File C:\Users\arunv\AppData\Local\Programs\Python\Python312\Lib\difflib.py first seen with mtime 1696233358.0
File C:\Users\arunv\AppData\Local\Programs\Python\Python312\Lib\pkgutil.py first seen with mtime 1696233358.0
File C:\Users\arunv\AppData\Local\Programs\Python\Python312\Lib\xml\dom\xmlbuilder.py first seen with mtime 1696233358.0
File C:\Users\arunv\AppData\Local\Programs\Python\Python312\Lib\queue.py first seen with mtime 1696233358.0
File C:\Users\arunv\AppData\Local\Programs\Python\Python312\Lib\logging\config.py first seen with mtime 1696233358.0
File C:\Users\arunv\AppData\Local\Programs\Python\Python312\Lib\sysconfig.py first seen with mtime 1696233358.0
File C:\Users\arunv\AppData\Local\Programs\Python\Python312\Lib\importlib\resources\_adapters.py first seen with mtime 1696233358.0
File C:\Users\arunv\AppData\Local\Programs\Python\Python312\Lib\logging\handlers.py first seen with mtime 1696233358.0
File C:\Users\arunv\AppData\Local\Programs\Python\Python312\Lib\keyword.py first seen with mtime 1696233358.0
File C:\Users\arunv\AppData\Local\Programs\Python\Python312\Lib\asyncio\format_helpers.py first seen with mtime 1696233358.0
File C:\Users\arunv\AppData\Local\Programs\Python\Python312\Lib\encodings\idna.py first seen with mtime 1696233358.0
File C:\Users\arunv\AppData\Local\Programs\Python\Python312\Lib\stringprep.py first seen with mtime 1696233358.0
Watching for file changes with StatReloader
Waiting for apps ready_event.
Apps ready_event triggered. Sending autoreload_started signal.
(0.016) 
            SELECT
                c.relname,
                CASE
                    WHEN c.relispartition THEN 'p'
                    WHEN c.relkind IN ('m', 'v') THEN 'v'
                    ELSE 't'
                END,
                obj_description(c.oid, 'pg_class')
            FROM pg_catalog.pg_class c
            LEFT JOIN pg_catalog.pg_namespace n ON n.oid = c.relnamespace
            WHERE c.relkind IN ('f', 'm', 'p', 'r', 'v')
                AND n.nspname NOT IN ('pg_catalog', 'pg_toast')
                AND pg_catalog.pg_table_is_visible(c.oid)
        ; args=None; alias=default
(0.000) SELECT "django_migrations"."id", "django_migrations"."app", "django_migrations"."name", "django_migrations"."applied" FROM "django_migrations"; args=(); alias=default
File C:\Users\arunv\AppData\Local\Programs\Python\Python312\DLLs\_hashlib.pyd first seen with mtime 1696233428.0
File C:\Users\arunv\AppData\Local\Programs\Python\Python312\Lib\collections\abc.py first seen with mtime 1696233358.0
File C:\Users\arunv\AppData\Local\Programs\Python\Python312\Lib\email\_encoded_words.py first seen with mtime 1696233358.0
File C:\Users\arunv\AppData\Local\Programs\Python\Python312\Lib\logging\handlers.py first seen with mtime 1696233358.0
File C:\Users\arunv\AppData\Local\Programs\Python\Python312\Lib\re\_constants.py first seen with mtime 1696233358.0
File C:\Users\arunv\AppData\Local\Programs\Python\Python312\DLLs\_bz2.pyd first seen with mtime 1696233430.0
File C:\Users\arunv\AppData\Local\Programs\Python\Python312\Lib\xml\dom\minidom.py first seen with mtime 1696233358.0
File C:\Users\arunv\AppData\Local\Programs\Python\Python312\Lib\asyncio\subprocess.py first seen with mtime 1696233358.0
File C:\Users\arunv\AppData\Local\Programs\Python\Python312\Lib\unittest\runner.py first seen with mtime 1696233358.0
File C:\Users\arunv\AppData\Local\Programs\Python\Python312\Lib\hmac.py first seen with mtime 1696233358.0
File C:\Users\arunv\AppData\Local\Programs\Python\Python312\Lib\html\parser.py first seen with mtime 1696233358.0
File C:\Users\arunv\AppData\Local\Programs\Python\Python312\Lib\reprlib.py first seen with mtime 1696233358.0
File C:\Users\arunv\AppData\Local\Programs\Python\Python312\Lib\asyncio\events.py first seen with mtime 1696233358.0
File C:\Users\arunv\AppData\Local\Programs\Python\Python312\Lib\shutil.py first seen with mtime 1696233358.0
File C:\Users\arunv\AppData\Local\Programs\Python\Python312\Lib\copyreg.py first seen with mtime 1696233358.0
File C:\Users\arunv\AppData\Local\Programs\Python\Python312\Lib\email\_parseaddr.py first seen with mtime 1696233358.0
File C:\Users\arunv\AppData\Local\Programs\Python\Python312\Lib\asyncio\windows_events.py first seen with mtime 1696233358.0
File C:\Users\arunv\AppData\Local\Programs\Python\Python312\Lib\types.py first seen with mtime 1696233358.0
File C:\Users\arunv\AppData\Local\Programs\Python\Python312\Lib\asyncio\exceptions.py first seen with mtime 1696233358.0
File C:\Users\arunv\AppData\Local\Programs\Python\Python312\Lib\asyncio\locks.py first seen with mtime 1696233358.0
File C:\Users\arunv\AppData\Local\Programs\Python\Python312\Lib\json\scanner.py first seen with mtime 1696233358.0
File C:\Users\arunv\AppData\Local\Programs\Python\Python312\DLLs\_decimal.pyd first seen with mtime 1696233428.0
File C:\Users\arunv\AppData\Local\Programs\Python\Python312\Lib\bisect.py first seen with mtime 1696233358.0
File C:\Users\arunv\AppData\Local\Programs\Python\Python312\Lib\nturl2path.py first seen with mtime 1696233358.0
File C:\Users\arunv\AppData\Local\Programs\Python\Python312\Lib\socket.py first seen with mtime 1696233358.0
File C:\Users\arunv\AppData\Local\Programs\Python\Python312\Lib\email\mime\__init__.py first seen with mtime 1696233358.0
File C:\Users\arunv\AppData\Local\Programs\Python\Python312\Lib\wsgiref\__init__.py first seen with mtime 1696233358.0
File C:\Users\arunv\AppData\Local\Programs\Python\Python312\DLLs\_queue.pyd first seen with mtime 1696233428.0
File C:\Users\arunv\AppData\Local\Programs\Python\Python312\Lib\unittest\mock.py first seen with mtime 1696233358.0
File C:\Users\arunv\AppData\Local\Programs\Python\Python312\Lib\importlib\metadata\__init__.py first seen with mtime 1696233358.0
File C:\Users\arunv\AppData\Local\Programs\Python\Python312\Lib\zipfile\_path\__init__.py first seen with mtime 1696233358.0
File C:\Users\arunv\AppData\Local\Programs\Python\Python312\Lib\warnings.py first seen with mtime 1696233358.0
File C:\Users\arunv\AppData\Local\Programs\Python\Python312\Lib\urllib\__init__.py first seen with mtime 1696233358.0
File C:\Users\arunv\AppData\Local\Programs\Python\Python312\Lib\email\mime\text.py first seen with mtime 1696233358.0
File C:\Users\arunv\AppData\Local\Programs\Python\Python312\Lib\unittest\__init__.py first seen with mtime 1696233358.0
File C:\Users\arunv\AppData\Local\Programs\Python\Python312\Lib\email\iterators.py first seen with mtime 1696233358.0
File C:\Users\arunv\AppData\Local\Programs\Python\Python312\Lib\asyncio\constants.py first seen with mtime 1696233358.0
File C:\Users\arunv\AppData\Local\Programs\Python\Python312\Lib\importlib\metadata\_functools.py first seen with mtime 1696233358.0
File C:\Users\arunv\AppData\Local\Programs\Python\Python312\Lib\asyncio\threads.py first seen with mtime 1696233358.0
File C:\Users\arunv\AppData\Local\Programs\Python\Python312\Lib\urllib\request.py first seen with mtime 1696233358.0
File C:\Users\arunv\AppData\Local\Programs\Python\Python312\Lib\concurrent\futures\__init__.py first seen with mtime 1696233358.0
File C:\Users\arunv\AppData\Local\Programs\Python\Python312\Lib\pprint.py first seen with mtime 1696233358.0
File C:\Users\arunv\AppData\Local\Programs\Python\Python312\Lib\http\__init__.py first seen with mtime 1696233358.0
File C:\Users\arunv\AppData\Local\Programs\Python\Python312\Lib\dis.py first seen with mtime 1696233358.0
File C:\Users\arunv\AppData\Local\Programs\Python\Python312\Lib\xml\dom\domreg.py first seen with mtime 1696233358.0
File C:\Users\arunv\AppData\Local\Programs\Python\Python312\Lib\tempfile.py first seen with mtime 1696233358.0
File C:\Users\arunv\AppData\Local\Programs\Python\Python312\Lib\email\quoprimime.py first seen with mtime 1696233358.0
File C:\Users\arunv\AppData\Local\Programs\Python\Python312\Lib\decimal.py first seen with mtime 1696233358.0
File C:\Users\arunv\AppData\Local\Programs\Python\Python312\Lib\datetime.py first seen with mtime 1696233358.0
File C:\Users\arunv\AppData\Local\Programs\Python\Python312\Lib\xml\dom\NodeFilter.py first seen with mtime 1696233358.0
File C:\Users\arunv\AppData\Local\Programs\Python\Python312\Lib\logging\config.py first seen with mtime 1696233358.0
File C:\Users\arunv\AppData\Local\Programs\Python\Python312\DLLs\_asyncio.pyd first seen with mtime 1696233428.0
File C:\Users\arunv\AppData\Local\Programs\Python\Python312\Lib\typing.py first seen with mtime 1696233358.0
File C:\Users\arunv\AppData\Local\Programs\Python\Python312\Lib\locale.py first seen with mtime 1696233358.0
File C:\Users\arunv\AppData\Local\Programs\Python\Python312\Lib\token.py first seen with mtime 1696233358.0
File C:\Users\arunv\AppData\Local\Programs\Python\Python312\Lib\email\mime\message.py first seen with mtime 1696233358.0
File C:\Users\arunv\AppData\Local\Programs\Python\Python312\Lib\ast.py first seen with mtime 1696233358.0
File C:\Users\arunv\AppData\Local\Programs\Python\Python312\Lib\asyncio\futures.py first seen with mtime 1696233358.0
File C:\Users\arunv\AppData\Local\Programs\Python\Python312\Lib\fnmatch.py first seen with mtime 1696233358.0
File C:\Users\arunv\AppData\Local\Programs\Python\Python312\Lib\ctypes\_endian.py first seen with mtime 1696233358.0
File C:\Users\arunv\AppData\Local\Programs\Python\Python312\Lib\email\base64mime.py first seen with mtime 1696233358.0
File C:\Users\arunv\AppData\Local\Programs\Python\Python312\Lib\asyncio\coroutines.py first seen with mtime 1696233358.0
File C:\Users\arunv\AppData\Local\Programs\Python\Python312\Lib\unittest\signals.py first seen with mtime 1696233358.0
File C:\Users\arunv\AppData\Local\Programs\Python\Python312\Lib\asyncio\__init__.py first seen with mtime 1696233358.0
File C:\Users\arunv\AppData\Local\Programs\Python\Python312\Lib\logging\__init__.py first seen with mtime 1696233358.0
File C:\Users\arunv\AppData\Local\Programs\Python\Python312\DLLs\_wmi.pyd first seen with mtime 1696233428.0
File C:\Users\arunv\AppData\Local\Programs\Python\Python312\Lib\asyncio\windows_utils.py first seen with mtime 1696233358.0
File C:\Users\arunv\AppData\Local\Programs\Python\Python312\Lib\email\header.py first seen with mtime 1696233358.0
File C:\Users\arunv\AppData\Local\Programs\Python\Python312\Lib\asyncio\base_events.py first seen with mtime 1696233358.0
File C:\Users\arunv\AppData\Local\Programs\Python\Python312\Lib\gettext.py first seen with mtime 1696233358.0
File C:\Users\arunv\AppData\Local\Programs\Python\Python312\Lib\wsgiref\util.py first seen with mtime 1696233358.0
File C:\Users\arunv\AppData\Local\Programs\Python\Python312\Lib\asyncio\sslproto.py first seen with mtime 1696233358.0
File C:\Users\arunv\AppData\Local\Programs\Python\Python312\Lib\getpass.py first seen with mtime 1696233358.0
File C:\Users\arunv\AppData\Local\Programs\Python\Python312\Lib\email\generator.py first seen with mtime 1696233358.0
File C:\Users\arunv\AppData\Local\Programs\Python\Python312\Lib\asyncio\proactor_events.py first seen with mtime 1696233358.0
File C:\Users\arunv\AppData\Local\Programs\Python\Python312\Lib\email\mime\multipart.py first seen with mtime 1696233358.0
File C:\Users\arunv\AppData\Local\Programs\Python\Python312\Lib\json\__init__.py first seen with mtime 1696233358.0
File C:\Users\arunv\AppData\Local\Programs\Python\Python312\Lib\asyncio\base_tasks.py first seen with mtime 1696233358.0
File C:\Users\arunv\AppData\Local\Programs\Python\Python312\Lib\concurrent\futures\_base.py first seen with mtime 1696233358.0
File C:\Users\arunv\AppData\Local\Programs\Python\Python312\Lib\email\mime\base.py first seen with mtime 1696233358.0
File C:\Users\arunv\AppData\Local\Programs\Python\Python312\Lib\importlib\metadata\_meta.py first seen with mtime 1696233358.0
File C:\Users\arunv\AppData\Local\Programs\Python\Python312\DLLs\unicodedata.pyd first seen with mtime 1696233430.0
File C:\Users\arunv\AppData\Local\Programs\Python\Python312\Lib\importlib\resources\abc.py first seen with mtime 1696233358.0
File C:\Users\arunv\AppData\Local\Programs\Python\Python312\Lib\heapq.py first seen with mtime 1696233358.0
File C:\Users\arunv\AppData\Local\Programs\Python\Python312\Lib\calendar.py first seen with mtime 1696233358.0
File C:\Users\arunv\AppData\Local\Programs\Python\Python312\Lib\socketserver.py first seen with mtime 1696233358.0
File C:\Users\arunv\AppData\Local\Programs\Python\Python312\Lib\wsgiref\simple_server.py first seen with mtime 1696233358.0
File C:\Users\arunv\AppData\Local\Programs\Python\Python312\Lib\email\charset.py first seen with mtime 1696233358.0
File C:\Users\arunv\AppData\Local\Programs\Python\Python312\Lib\http\cookies.py first seen with mtime 1696233358.0
File C:\Users\arunv\AppData\Local\Programs\Python\Python312\Lib\importlib\metadata\_text.py first seen with mtime 1696233358.0
File C:\Users\arunv\AppData\Local\Programs\Python\Python312\Lib\subprocess.py first seen with mtime 1696233358.0
File C:\Users\arunv\AppData\Local\Programs\Python\Python312\Lib\encodings\cp1252.py first seen with mtime 1696233358.0
File C:\Users\arunv\AppData\Local\Programs\Python\Python312\Lib\base64.py first seen with mtime 1696233358.0
File C:\Users\arunv\AppData\Local\Programs\Python\Python312\Lib\importlib\resources\__init__.py first seen with mtime 1696233358.0
File C:\Users\arunv\AppData\Local\Programs\Python\Python312\Lib\_markupbase.py first seen with mtime 1696233358.0
File C:\Users\arunv\AppData\Local\Programs\Python\Python312\Lib\uuid.py first seen with mtime 1696233358.0
File C:\Users\arunv\AppData\Local\Programs\Python\Python312\Lib\urllib\response.py first seen with mtime 1696233358.0
File C:\Users\arunv\AppData\Local\Programs\Python\Python312\Lib\wsgiref\headers.py first seen with mtime 1696233358.0
File C:\Users\arunv\AppData\Local\Programs\Python\Python312\Lib\enum.py first seen with mtime 1696233358.0
File C:\Users\arunv\AppData\Local\Programs\Python\Python312\Lib\asyncio\base_futures.py first seen with mtime 1696233358.0
File C:\Users\arunv\AppData\Local\Programs\Python\Python312\Lib\inspect.py first seen with mtime 1696233358.0
File C:\Users\arunv\AppData\Local\Programs\Python\Python312\Lib\ctypes\wintypes.py first seen with mtime 1696233358.0
File C:\Users\arunv\AppData\Local\Programs\Python\Python312\Lib\wsgiref\handlers.py first seen with mtime 1696233358.0
File C:\Users\arunv\AppData\Local\Programs\Python\Python312\Lib\zipfile\__main__.py first seen with mtime 1696233358.0
File C:\Users\arunv\AppData\Local\Programs\Python\Python312\Lib\importlib\metadata\_adapters.py first seen with mtime 1696233358.0
File C:\Users\arunv\AppData\Local\Programs\Python\Python312\Lib\asyncio\queues.py first seen with mtime 1696233358.0
File C:\Users\arunv\AppData\Local\Programs\Python\Python312\Lib\zoneinfo\__init__.py first seen with mtime 1696233358.0
File C:\Users\arunv\AppData\Local\Programs\Python\Python312\Lib\random.py first seen with mtime 1696233358.0
File C:\Users\arunv\AppData\Local\Programs\Python\Python312\Lib\http\client.py first seen with mtime 1696233358.0
File C:\Users\arunv\AppData\Local\Programs\Python\Python312\Lib\ctypes\__init__.py first seen with mtime 1696233358.0
File C:\Users\arunv\AppData\Local\Programs\Python\Python312\Lib\importlib\metadata\_itertools.py first seen with mtime 1696233358.0
File C:\Users\arunv\AppData\Local\Programs\Python\Python312\Lib\mimetypes.py first seen with mtime 1696233358.0
File C:\Users\arunv\AppData\Local\Programs\Python\Python312\Lib\opcode.py first seen with mtime 1696233358.0
File C:\Users\arunv\AppData\Local\Programs\Python\Python312\Lib\email\utils.py first seen with mtime 1696233358.0
File C:\Users\arunv\AppData\Local\Programs\Python\Python312\DLLs\_ctypes.pyd first seen with mtime 1696233428.0
File C:\Users\arunv\AppData\Local\Programs\Python\Python312\Lib\glob.py first seen with mtime 1696233358.0
File C:\Users\arunv\AppData\Local\Programs\Python\Python312\Lib\email\encoders.py first seen with mtime 1696233358.0
File C:\Users\arunv\AppData\Local\Programs\Python\Python312\Lib\asyncio\format_helpers.py first seen with mtime 1696233358.0
File C:\Users\arunv\AppData\Local\Programs\Python\Python312\Lib\importlib\resources\_adapters.py first seen with mtime 1696233358.0
File C:\Users\arunv\AppData\Local\Programs\Python\Python312\Lib\lzma.py first seen with mtime 1696233358.0
File C:\Users\arunv\AppData\Local\Programs\Python\Python312\Lib\threading.py first seen with mtime 1696233358.0
File C:\Users\arunv\AppData\Local\Programs\Python\Python312\DLLs\_zoneinfo.pyd first seen with mtime 1696233430.0
File C:\Users\arunv\AppData\Local\Programs\Python\Python312\Lib\unittest\main.py first seen with mtime 1696233358.0
File C:\Users\arunv\AppData\Local\Programs\Python\Python312\Lib\signal.py first seen with mtime 1696233358.0
File C:\Users\arunv\AppData\Local\Programs\Python\Python312\Lib\email\policy.py first seen with mtime 1696233358.0
File C:\Users\arunv\AppData\Local\Programs\Python\Python312\Lib\functools.py first seen with mtime 1696233358.0
File C:\Users\arunv\AppData\Local\Programs\Python\Python312\Lib\_compat_pickle.py first seen with mtime 1696233358.0
File C:\Users\arunv\AppData\Local\Programs\Python\Python312\Lib\unittest\util.py first seen with mtime 1696233358.0
File C:\Users\arunv\AppData\Local\Programs\Python\Python312\Lib\asyncio\log.py first seen with mtime 1696233358.0
File C:\Users\arunv\AppData\Local\Programs\Python\Python312\Lib\pathlib.py first seen with mtime 1696233358.0
File C:\Users\arunv\AppData\Local\Programs\Python\Python312\Lib\concurrent\futures\thread.py first seen with mtime 1696233358.0
File C:\Users\arunv\AppData\Local\Programs\Python\Python312\DLLs\_overlapped.pyd first seen with mtime 1696233430.0
File C:\Users\arunv\AppData\Local\Programs\Python\Python312\Lib\quopri.py first seen with mtime 1696233358.0
File C:\Users\arunv\AppData\Local\Programs\Python\Python312\Lib\http\server.py first seen with mtime 1696233358.0
File C:\Users\arunv\AppData\Local\Programs\Python\Python312\Lib\bz2.py first seen with mtime 1696233358.0
File C:\Users\arunv\AppData\Local\Programs\Python\Python312\Lib\linecache.py first seen with mtime 1696233358.0
File C:\Users\arunv\AppData\Local\Programs\Python\Python312\Lib\asyncio\tasks.py first seen with mtime 1696233358.0
File C:\Users\arunv\AppData\Local\Programs\Python\Python312\Lib\importlib\metadata\_collections.py first seen with mtime 1696233358.0
File C:\Users\arunv\AppData\Local\Programs\Python\Python312\Lib\ipaddress.py first seen with mtime 1696233358.0
File C:\Users\arunv\AppData\Local\Programs\Python\Python312\Lib\json\encoder.py first seen with mtime 1696233358.0
File C:\Users\arunv\AppData\Local\Programs\Python\Python312\Lib\urllib\error.py first seen with mtime 1696233358.0
File C:\Users\arunv\AppData\Local\Programs\Python\Python312\Lib\concurrent\__init__.py first seen with mtime 1696233358.0
File C:\Users\arunv\AppData\Local\Programs\Python\Python312\Lib\importlib\resources\_legacy.py first seen with mtime 1696233358.0
File C:\Users\arunv\AppData\Local\Programs\Python\Python312\Lib\unittest\case.py first seen with mtime 1696233358.0
File C:\Users\arunv\AppData\Local\Programs\Python\Python312\Lib\asyncio\staggered.py first seen with mtime 1696233358.0
File C:\Users\arunv\AppData\Local\Programs\Python\Python312\Lib\hashlib.py first seen with mtime 1696233358.0
File C:\Users\arunv\AppData\Local\Programs\Python\Python312\Lib\asyncio\protocols.py first seen with mtime 1696233358.0
File C:\Users\arunv\AppData\Local\Programs\Python\Python312\Lib\re\_casefix.py first seen with mtime 1696233358.0
File C:\Users\arunv\AppData\Local\Programs\Python\Python312\Lib\string.py first seen with mtime 1696233358.0
File C:\Users\arunv\AppData\Local\Programs\Python\Python312\Lib\xml\dom\xmlbuilder.py first seen with mtime 1696233358.0
File C:\Users\arunv\AppData\Local\Programs\Python\Python312\Lib\html\entities.py first seen with mtime 1696233358.0
File C:\Users\arunv\AppData\Local\Programs\Python\Python312\Lib\json\decoder.py first seen with mtime 1696233358.0
File C:\Users\arunv\AppData\Local\Programs\Python\Python312\Lib\email\mime\nonmultipart.py first seen with mtime 1696233358.0
File C:\Users\arunv\AppData\Local\Programs\Python\Python312\DLLs\select.pyd first seen with mtime 1696233428.0
File C:\Users\arunv\AppData\Local\Programs\Python\Python312\Lib\queue.py first seen with mtime 1696233358.0
File C:\Users\arunv\AppData\Local\Programs\Python\Python312\Lib\keyword.py first seen with mtime 1696233358.0
File C:\Users\arunv\AppData\Local\Programs\Python\Python312\Lib\csv.py first seen with mtime 1696233358.0
File C:\Users\arunv\AppData\Local\Programs\Python\Python312\Lib\importlib\_abc.py first seen with mtime 1696233358.0
File C:\Users\arunv\AppData\Local\Programs\Python\Python312\Lib\asyncio\streams.py first seen with mtime 1696233358.0
File C:\Users\arunv\AppData\Local\Programs\Python\Python312\Lib\asyncio\timeouts.py first seen with mtime 1696233358.0
File C:\Users\arunv\AppData\Local\Programs\Python\Python312\Lib\unittest\result.py first seen with mtime 1696233358.0
File C:\Users\arunv\AppData\Local\Programs\Python\Python312\Lib\graphlib.py first seen with mtime 1696233358.0
File C:\Users\arunv\AppData\Local\Programs\Python\Python312\Lib\html\__init__.py first seen with mtime 1696233358.0
File C:\Users\arunv\AppData\Local\Programs\Python\Python312\Lib\urllib\parse.py first seen with mtime 1696233358.0
File C:\Users\arunv\AppData\Local\Programs\Python\Python312\Lib\platform.py first seen with mtime 1696233358.0
File C:\Users\arunv\AppData\Local\Programs\Python\Python312\Lib\tokenize.py first seen with mtime 1696233358.0
File C:\Users\arunv\AppData\Local\Programs\Python\Python312\Lib\asyncio\base_subprocess.py first seen with mtime 1696233358.0
File C:\Users\arunv\AppData\Local\Programs\Python\Python312\Lib\zoneinfo\_tzpath.py first seen with mtime 1696233358.0
File C:\Users\arunv\AppData\Local\Programs\Python\Python312\Lib\xml\dom\__init__.py first seen with mtime 1696233358.0
File C:\Users\arunv\AppData\Local\Programs\Python\Python312\Lib\gzip.py first seen with mtime 1696233358.0
File C:\Users\arunv\AppData\Local\Programs\Python\Python312\Lib\textwrap.py first seen with mtime 1696233358.0
File C:\Users\arunv\AppData\Local\Programs\Python\Python312\Lib\asyncio\transports.py first seen with mtime 1696233358.0
File C:\Users\arunv\AppData\Local\Programs\Python\Python312\DLLs\_uuid.pyd first seen with mtime 1696233428.0
File C:\Users\arunv\AppData\Local\Programs\Python\Python312\Lib\xml\dom\minicompat.py first seen with mtime 1696233358.0
File C:\Users\arunv\AppData\Local\Programs\Python\Python312\Lib\re\_parser.py first seen with mtime 1696233358.0
File C:\Users\arunv\AppData\Local\Programs\Python\Python312\Lib\ssl.py first seen with mtime 1696233358.0
File C:\Users\arunv\AppData\Local\Programs\Python\Python312\Lib\dataclasses.py first seen with mtime 1696233358.0
File C:\Users\arunv\AppData\Local\Programs\Python\Python312\Lib\encodings\__init__.py first seen with mtime 1696233358.0
File C:\Users\arunv\AppData\Local\Programs\Python\Python312\Lib\struct.py first seen with mtime 1696233358.0
File C:\Users\arunv\AppData\Local\Programs\Python\Python312\Lib\pkgutil.py first seen with mtime 1696233358.0
File C:\Users\arunv\AppData\Local\Programs\Python\Python312\Lib\asyncio\taskgroups.py first seen with mtime 1696233358.0
File C:\Users\arunv\AppData\Local\Programs\Python\Python312\Lib\asyncio\runners.py first seen with mtime 1696233358.0
File C:\Users\arunv\AppData\Local\Programs\Python\Python312\Lib\copy.py first seen with mtime 1696233358.0
File C:\Users\arunv\AppData\Local\Programs\Python\Python312\Lib\selectors.py first seen with mtime 1696233358.0
File C:\Users\arunv\AppData\Local\Programs\Python\Python312\Lib\secrets.py first seen with mtime 1696233358.0
File C:\Users\arunv\AppData\Local\Programs\Python\Python312\Lib\_weakrefset.py first seen with mtime 1696233358.0
File C:\Users\arunv\AppData\Local\Programs\Python\Python312\Lib\asyncio\mixins.py first seen with mtime 1696233358.0
File C:\Users\arunv\AppData\Local\Programs\Python\Python312\Lib\collections\__init__.py first seen with mtime 1696233358.0
File C:\Users\arunv\AppData\Local\Programs\Python\Python312\Lib\operator.py first seen with mtime 1696233358.0
File C:\Users\arunv\AppData\Local\Programs\Python\Python312\Lib\email\_header_value_parser.py first seen with mtime 1696233358.0
File C:\Users\arunv\AppData\Local\Programs\Python\Python312\Lib\importlib\resources\_common.py first seen with mtime 1696233358.0
File C:\Users\arunv\AppData\Local\Programs\Python\Python312\Lib\email\feedparser.py first seen with mtime 1696233358.0
File C:\Users\arunv\AppData\Local\Programs\Python\Python312\Lib\numbers.py first seen with mtime 1696233358.0
File C:\Users\arunv\AppData\Local\Programs\Python\Python312\Lib\encodings\aliases.py first seen with mtime 1696233358.0
File C:\Users\arunv\AppData\Local\Programs\Python\Python312\Lib\email\parser.py first seen with mtime 1696233358.0
File C:\Users\arunv\AppData\Local\Programs\Python\Python312\Lib\zipfile\__init__.py first seen with mtime 1696233358.0
File C:\Users\arunv\AppData\Local\Programs\Python\Python312\Lib\weakref.py first seen with mtime 1696233358.0
File C:\Users\arunv\AppData\Local\Programs\Python\Python312\Lib\contextvars.py first seen with mtime 1696233358.0
File C:\Users\arunv\AppData\Local\Programs\Python\Python312\Lib\pickle.py first seen with mtime 1696233358.0
File C:\Users\arunv\AppData\Local\Programs\Python\Python312\Lib\email\message.py first seen with mtime 1696233358.0
File C:\Users\arunv\AppData\Local\Programs\Python\Python312\Lib\traceback.py first seen with mtime 1696233358.0
File C:\Users\arunv\AppData\Local\Programs\Python\Python312\Lib\xml\__init__.py first seen with mtime 1696233358.0
File C:\Users\arunv\AppData\Local\Programs\Python\Python312\Lib\email\_policybase.py first seen with mtime 1696233358.0
File C:\Users\arunv\AppData\Local\Programs\Python\Python312\Lib\difflib.py first seen with mtime 1696233358.0
File C:\Users\arunv\AppData\Local\Programs\Python\Python312\Lib\argparse.py first seen with mtime 1696233358.0
File C:\Users\arunv\AppData\Local\Programs\Python\Python312\Lib\unittest\loader.py first seen with mtime 1696233358.0
File C:\Users\arunv\AppData\Local\Programs\Python\Python312\Lib\zoneinfo\_common.py first seen with mtime 1696233358.0
File C:\Users\arunv\AppData\Local\Programs\Python\Python312\DLLs\_socket.pyd first seen with mtime 1696233428.0
File C:\Users\arunv\AppData\Local\Programs\Python\Python312\Lib\importlib\abc.py first seen with mtime 1696233358.0
File C:\Users\arunv\AppData\Local\Programs\Python\Python312\Lib\unittest\suite.py first seen with mtime 1696233358.0
File C:\Users\arunv\AppData\Local\Programs\Python\Python312\Lib\email\__init__.py first seen with mtime 1696233358.0
File C:\Users\arunv\AppData\Local\Programs\Python\Python312\DLLs\_ssl.pyd first seen with mtime 1696233430.0
File C:\Users\arunv\AppData\Local\Programs\Python\Python312\Lib\email\contentmanager.py first seen with mtime 1696233358.0
File C:\Users\arunv\AppData\Local\Programs\Python\Python312\Lib\asyncio\trsock.py first seen with mtime 1696233358.0
File C:\Users\arunv\AppData\Local\Programs\Python\Python312\Lib\encodings\utf_8.py first seen with mtime 1696233358.0
File C:\Users\arunv\AppData\Local\Programs\Python\Python312\Lib\_compression.py first seen with mtime 1696233358.0
File C:\Users\arunv\AppData\Local\Programs\Python\Python312\Lib\sysconfig.py first seen with mtime 1696233358.0
File C:\Users\arunv\AppData\Local\Programs\Python\Python312\Lib\email\errors.py first seen with mtime 1696233358.0
File C:\Users\arunv\AppData\Local\Programs\Python\Python312\DLLs\_lzma.pyd first seen with mtime 1696233428.0
File C:\Users\arunv\AppData\Local\Programs\Python\Python312\Lib\email\headerregistry.py first seen with mtime 1696233358.0
File C:\Users\arunv\AppData\Local\Programs\Python\Python312\Lib\re\_compiler.py first seen with mtime 1696233358.0
File C:\Users\arunv\AppData\Local\Programs\Python\Python312\Lib\re\__init__.py first seen with mtime 1696233358.0
File C:\Users\arunv\AppData\Local\Programs\Python\Python312\Lib\zipfile\_path\glob.py first seen with mtime 1696233358.0
File C:\Users\arunv\AppData\Local\Programs\Python\Python312\Lib\contextlib.py first seen with mtime 1696233358.0
File C:\Users\arunv\AppData\Local\Programs\Python\Python312\Lib\asyncio\selector_events.py first seen with mtime 1696233358.0
File C:\Users\arunv\AppData\Local\Programs\Python\Python312\Lib\importlib\__init__.py first seen with mtime 1696233358.0
File C:\Users\arunv\AppData\Local\Programs\Python\Python312\Lib\stringprep.py first seen with mtime 1696233358.0
File C:\Users\arunv\AppData\Local\Programs\Python\Python312\Lib\encodings\idna.py first seen with mtime 1696233358.0
